<?xml version="1.0" encoding="UTF-8"?>
<robot generator="Robot 7.0.1 (Python 3.12.4 on win32)" generated="2024-09-27T23:30:22.303901" rpa="false" schemaversion="5">
<suite id="s1" name="Assingment" source="C:\Users\numpt\Desktop\robot\Assingment">
<suite id="s1-s1" name="Assignment07" source="C:\Users\numpt\Desktop\robot\Assingment\Assignment07.robot">
<test id="s1-s1-t1" name="TC-001 Global Variable and Local Variable" line="5">
<kw name="Log" owner="BuiltIn">
<msg time="2024-09-27T23:30:22.348930" level="INFO">John</msg>
<arg>${user.name}</arg>
<arg>console=true</arg>
<doc>Logs the given message with the given level.</doc>
<status status="PASS" start="2024-09-27T23:30:22.347927" elapsed="0.001003"/>
</kw>
<kw name="Log" owner="BuiltIn">
<msg time="2024-09-27T23:30:22.350034" level="INFO">30</msg>
<arg>${user.age}</arg>
<arg>console=true</arg>
<doc>Logs the given message with the given level.</doc>
<status status="PASS" start="2024-09-27T23:30:22.348930" elapsed="0.001104"/>
</kw>
<kw name="Log" owner="BuiltIn">
<msg time="2024-09-27T23:30:22.351042" level="INFO">Bangkok</msg>
<arg>${user.city}</arg>
<arg>console=true</arg>
<doc>Logs the given message with the given level.</doc>
<status status="PASS" start="2024-09-27T23:30:22.351042" elapsed="0.000000"/>
</kw>
<status status="PASS" start="2024-09-27T23:30:22.347927" elapsed="0.004115"/>
</test>
<status status="PASS" start="2024-09-27T23:30:22.344691" elapsed="0.007351"/>
</suite>
<status status="PASS" start="2024-09-27T23:30:22.327569" elapsed="0.025474"/>
</suite>
<statistics>
<total>
<stat pass="1" fail="0" skip="0">All Tests</stat>
</total>
<tag>
</tag>
<suite>
<stat pass="1" fail="0" skip="0" id="s1" name="Assingment">Assingment</stat>
<stat pass="1" fail="0" skip="0" id="s1-s1" name="Assignment07">Assingment.Assignment07</stat>
</suite>
</statistics>
<errors>
</errors>
</robot>
