<?xml version="1.0" encoding="UTF-8"?>
<robot generator="Robot 7.0.1 (Python 3.12.4 on win32)" generated="2024-09-27T23:30:25.309899" rpa="false" schemaversion="5">
<suite id="s1" name="Assingment" source="C:\Users\numpt\Desktop\robot\Assingment">
<suite id="s1-s1" name="Assignment17" source="C:\Users\numpt\Desktop\robot\Assingment\Assignment17.robot">
<test id="s1-s1-t1" name="TC-001 Example Test With Setup And Teardown" line="5">
<kw name="Open Browser" owner="SeleniumLibrary" type="SETUP">
<msg time="2024-09-27T23:30:25.508701" level="INFO">Opening browser 'gc' to base url 'http://example.com'.</msg>
<arg>url=http://example.com</arg>
<arg>browser=gc</arg>
<doc>Opens a new browser instance to the optional ``url``.</doc>
<status status="PASS" start="2024-09-27T23:30:25.508701" elapsed="2.660453"/>
</kw>
<kw name="Log" owner="BuiltIn">
<msg time="2024-09-27T23:30:28.169154" level="INFO">Test is running</msg>
<arg>Test is running</arg>
<arg>console=True</arg>
<doc>Logs the given message with the given level.</doc>
<status status="PASS" start="2024-09-27T23:30:28.169154" elapsed="0.000000"/>
</kw>
<kw name="Close Browser" owner="SeleniumLibrary" type="TEARDOWN">
<doc>Closes the current browser.</doc>
<status status="PASS" start="2024-09-27T23:30:28.170772" elapsed="2.117916"/>
</kw>
<status status="PASS" start="2024-09-27T23:30:25.507202" elapsed="4.781486"/>
</test>
<status status="PASS" start="2024-09-27T23:30:25.344225" elapsed="4.945466"/>
</suite>
<status status="PASS" start="2024-09-27T23:30:25.331299" elapsed="4.959390"/>
</suite>
<statistics>
<total>
<stat pass="1" fail="0" skip="0">All Tests</stat>
</total>
<tag>
</tag>
<suite>
<stat pass="1" fail="0" skip="0" id="s1" name="Assingment">Assingment</stat>
<stat pass="1" fail="0" skip="0" id="s1-s1" name="Assignment17">Assingment.Assignment17</stat>
</suite>
</statistics>
<errors>
</errors>
</robot>
