<?xml version="1.0" encoding="UTF-8"?>
<robot generator="Robot 7.0.1 (Python 3.12.4 on win32)" generated="2024-09-27T23:30:22.311982" rpa="false" schemaversion="5">
<suite id="s1" name="Assingment" source="C:\Users\numpt\Desktop\robot\Assingment">
<suite id="s1-s1" name="Assignment08" source="C:\Users\numpt\Desktop\robot\Assingment\Assignment08.robot">
<test id="s1-s1-t1" name="TC-001 Preload Variables From YAML File" line="6">
<kw name="Open Browser" owner="SeleniumLibrary">
<msg time="2024-09-27T23:30:22.530428" level="INFO">Opening browser 'gc' to base url 'https://www.saucedemo.com/'.</msg>
<arg>url=${app_url}</arg>
<arg>browser=gc</arg>
<doc>Opens a new browser instance to the optional ``url``.</doc>
<status status="PASS" start="2024-09-27T23:30:22.530428" elapsed="2.078382"/>
</kw>
<kw name="Input Text" owner="SeleniumLibrary">
<msg time="2024-09-27T23:30:24.610315" level="INFO">Typing text 'standard_user' into text field 'id=user-name'.</msg>
<arg>id=user-name</arg>
<arg>${credentials.username}</arg>
<doc>Types the given ``text`` into the text field identified by ``locator``.</doc>
<status status="PASS" start="2024-09-27T23:30:24.608810" elapsed="0.156514"/>
</kw>
<kw name="Input Password" owner="SeleniumLibrary">
<msg time="2024-09-27T23:30:24.766325" level="INFO">Typing password into text field 'id=password'.</msg>
<msg time="2024-09-27T23:30:24.806430" level="INFO">Temporally setting log level to: NONE</msg>
<arg>id=password</arg>
<arg>${credentials.password}</arg>
<doc>Types the given password into the text field identified by ``locator``.</doc>
<status status="PASS" start="2024-09-27T23:30:24.765324" elapsed="0.136189"/>
</kw>
<kw name="Click Button" owner="SeleniumLibrary">
<msg time="2024-09-27T23:30:24.902805" level="INFO">Clicking button 'id=login-button'.</msg>
<arg>id=login-button</arg>
<doc>Clicks the button identified by ``locator``.</doc>
<status status="PASS" start="2024-09-27T23:30:24.901513" elapsed="0.113823"/>
</kw>
<kw name="Close Browser" owner="SeleniumLibrary">
<doc>Closes the current browser.</doc>
<status status="PASS" start="2024-09-27T23:30:25.015336" elapsed="2.172156"/>
</kw>
<status status="PASS" start="2024-09-27T23:30:22.528924" elapsed="4.658568"/>
</test>
<status status="PASS" start="2024-09-27T23:30:22.351042" elapsed="4.836450"/>
</suite>
<status status="PASS" start="2024-09-27T23:30:22.337304" elapsed="4.851453"/>
</suite>
<statistics>
<total>
<stat pass="1" fail="0" skip="0">All Tests</stat>
</total>
<tag>
</tag>
<suite>
<stat pass="1" fail="0" skip="0" id="s1" name="Assingment">Assingment</stat>
<stat pass="1" fail="0" skip="0" id="s1-s1" name="Assignment08">Assingment.Assignment08</stat>
</suite>
</statistics>
<errors>
</errors>
</robot>
