<?xml version="1.0" encoding="UTF-8"?>
<robot generator="Robot 7.0.1 (Python 3.12.4 on win32)" generated="2024-09-27T23:30:22.303901" rpa="false" schemaversion="5">
<suite id="s1" name="Assingment" source="C:\Users\numpt\Desktop\robot\Assingment">
<suite id="s1-s1" name="Assignment06" source="C:\Users\numpt\Desktop\robot\Assingment\Assignment06.robot">
<test id="s1-s1-t1" name="TC-001 Global Variable and Local Variable" line="6">
<kw name="Set Global Variable" owner="BuiltIn">
<msg time="2024-09-27T23:30:22.344691" level="INFO">${GLOBAL_VAR} = "Global Value"</msg>
<arg>${GLOBAL_VAR}</arg>
<arg>"Global Value"</arg>
<doc>Makes a variable available globally in all tests and suites.</doc>
<status status="PASS" start="2024-09-27T23:30:22.343663" elapsed="0.001028"/>
</kw>
<kw name="Log" owner="BuiltIn">
<msg time="2024-09-27T23:30:22.344691" level="INFO">"Global Value"</msg>
<arg>${GLOBAL_VAR}</arg>
<doc>Logs the given message with the given level.</doc>
<status status="PASS" start="2024-09-27T23:30:22.344691" elapsed="0.000000"/>
</kw>
<kw name="Log Local">
<kw name="Set Local Variable" owner="BuiltIn">
<msg time="2024-09-27T23:30:22.345706" level="INFO">${LOCAL_VAR} = "Local Value"</msg>
<arg>${LOCAL_VAR}</arg>
<arg>"Local Value"</arg>
<doc>Makes a variable available everywhere within the local scope.</doc>
<status status="PASS" start="2024-09-27T23:30:22.345706" elapsed="0.000000"/>
</kw>
<kw name="Log" owner="BuiltIn">
<msg time="2024-09-27T23:30:22.346919" level="INFO">"Local Value"</msg>
<arg>${LOCAL_VAR}</arg>
<arg>console=${True}</arg>
<doc>Logs the given message with the given level.</doc>
<status status="PASS" start="2024-09-27T23:30:22.346919" elapsed="0.000000"/>
</kw>
<status status="PASS" start="2024-09-27T23:30:22.344691" elapsed="0.002228"/>
</kw>
<status status="PASS" start="2024-09-27T23:30:22.342651" elapsed="0.004268"/>
</test>
<status status="PASS" start="2024-09-27T23:30:22.341642" elapsed="0.006285"/>
</suite>
<status status="PASS" start="2024-09-27T23:30:22.327569" elapsed="0.020358"/>
</suite>
<statistics>
<total>
<stat pass="1" fail="0" skip="0">All Tests</stat>
</total>
<tag>
</tag>
<suite>
<stat pass="1" fail="0" skip="0" id="s1" name="Assingment">Assingment</stat>
<stat pass="1" fail="0" skip="0" id="s1-s1" name="Assignment06">Assingment.Assignment06</stat>
</suite>
</statistics>
<errors>
</errors>
</robot>
