<?xml version="1.0" encoding="UTF-8"?>
<robot generator="Robot 7.1 (Python 3.12.6 on darwin)" generated="2024-10-08T11:58:36.424548" rpa="false" schemaversion="5">
<suite id="s1" name="Test" source="/Users/puttipong.p/Basic-robot-assignment/Data driven/testcases/test.robot">
<test id="s1-t1" name="Test login with data driver" line="5">
<kw name="Test Login with data driven">
<kw name="Open training platform doppio website" owner="common">
<kw name="Open Browser" owner="SeleniumLibrary">
<msg time="2024-10-08T11:58:36.486331" level="INFO">Opening browser 'gc' to base url 'https://training-platform.doppio-tech.com/'.</msg>
<arg>${url}</arg>
<arg>gc</arg>
<doc>Opens a new browser instance to the optional ``url``.</doc>
<status status="PASS" start="2024-10-08T11:58:36.486238" elapsed="1.823566"/>
</kw>
<status status="PASS" start="2024-10-08T11:58:36.485968" elapsed="1.824019"/>
</kw>
<kw name="Click user icon" owner="main_page">
<kw name="Wait Until Element Is Visible" owner="SeleniumLibrary">
<arg>${main_locator.user_icon}</arg>
<doc>Waits until the element ``locator`` is visible.</doc>
<status status="PASS" start="2024-10-08T11:58:38.310396" elapsed="0.010947"/>
</kw>
<kw name="Click Element" owner="SeleniumLibrary">
<msg time="2024-10-08T11:58:38.321578" level="INFO">Clicking element 'xpath=//ul[@role='menu']//span[@aria-label='user']'.</msg>
<arg>${main_locator.user_icon}</arg>
<doc>Click the element identified by ``locator``.</doc>
<status status="PASS" start="2024-10-08T11:58:38.321456" elapsed="0.040481"/>
</kw>
<status status="PASS" start="2024-10-08T11:58:38.310196" elapsed="0.051841"/>
</kw>
<kw name="Input username on login page" owner="login_page">
<kw name="Wait Until Element Is Visible" owner="SeleniumLibrary">
<arg>${login_locator.username_input}</arg>
<doc>Waits until the element ``locator`` is visible.</doc>
<status status="PASS" start="2024-10-08T11:58:38.362961" elapsed="0.011502"/>
</kw>
<kw name="Input Text" owner="SeleniumLibrary">
<msg time="2024-10-08T11:58:38.374700" level="INFO">Typing text 'nnnn@gmail.com' into text field 'xpath=//label[text()="Username"]/parent::div/following-sibling::div//input'.</msg>
<arg>${login_locator.username_input}</arg>
<arg>${username}</arg>
<doc>Types the given ``text`` into the text field identified by ``locator``.</doc>
<status status="PASS" start="2024-10-08T11:58:38.374571" elapsed="0.096716"/>
</kw>
<arg>${username}</arg>
<status status="PASS" start="2024-10-08T11:58:38.362522" elapsed="0.108836"/>
</kw>
<kw name="Input password on login page" owner="login_page">
<kw name="Wait Until Element Is Visible" owner="SeleniumLibrary">
<arg>${login_locator.password_input}</arg>
<doc>Waits until the element ``locator`` is visible.</doc>
<status status="PASS" start="2024-10-08T11:58:38.471635" elapsed="0.008475"/>
</kw>
<kw name="Input Text" owner="SeleniumLibrary">
<msg time="2024-10-08T11:58:38.480304" level="INFO">Typing text 'Nn.123456789' into text field 'xpath=//label[text()="Password"]/parent::div/following-sibling::div//input'.</msg>
<arg>${login_locator.password_input}</arg>
<arg>${password}</arg>
<doc>Types the given ``text`` into the text field identified by ``locator``.</doc>
<status status="PASS" start="2024-10-08T11:58:38.480196" elapsed="0.032167"/>
</kw>
<arg>${password}</arg>
<status status="PASS" start="2024-10-08T11:58:38.471468" elapsed="0.040959"/>
</kw>
<kw name="Click login button" owner="login_page">
<kw name="Wait Until Element Is Visible" owner="SeleniumLibrary">
<arg>${login_locator.login_btn}</arg>
<doc>Waits until the element ``locator`` is visible.</doc>
<status status="PASS" start="2024-10-08T11:58:38.512670" elapsed="0.007850"/>
</kw>
<kw name="Click Element" owner="SeleniumLibrary">
<msg time="2024-10-08T11:58:38.520739" level="INFO">Clicking element 'xpath=//span[text()='Login']'.</msg>
<arg>${login_locator.login_btn}</arg>
<doc>Click the element identified by ``locator``.</doc>
<status status="PASS" start="2024-10-08T11:58:38.520626" elapsed="0.017697"/>
</kw>
<status status="PASS" start="2024-10-08T11:58:38.512528" elapsed="0.025851"/>
</kw>
<kw name="Verify expected message" owner="login_page">
<kw name="Wait Until Element Is Visible" owner="SeleniumLibrary">
<arg>${login_locator.verify_message}</arg>
<doc>Waits until the element ``locator`` is visible.</doc>
<status status="PASS" start="2024-10-08T11:58:38.538608" elapsed="0.443309"/>
</kw>
<kw name="Get Text" owner="SeleniumLibrary">
<msg time="2024-10-08T11:58:38.997972" level="INFO">${status} = Login successfully</msg>
<var>${status}</var>
<arg>${login_locator.verify_message}</arg>
<doc>Returns the text value of the element identified by ``locator``.</doc>
<status status="PASS" start="2024-10-08T11:58:38.982421" elapsed="0.015589"/>
</kw>
<kw name="Log" owner="BuiltIn">
<msg time="2024-10-08T11:58:38.998421" level="INFO">Login successfully</msg>
<arg>${status}</arg>
<arg>console=True</arg>
<doc>Logs the given message with the given level.</doc>
<status status="PASS" start="2024-10-08T11:58:38.998190" elapsed="0.000328"/>
</kw>
<kw name="Should Be Equal As Strings" owner="BuiltIn">
<arg>${status}</arg>
<arg>${expect_message}</arg>
<doc>Fails if objects are unequal after converting them to strings.</doc>
<status status="PASS" start="2024-10-08T11:58:38.998614" elapsed="0.000149"/>
</kw>
<arg>${expect_message}</arg>
<status status="PASS" start="2024-10-08T11:58:38.538471" elapsed="0.460350"/>
</kw>
<kw name="Click ok pop up after login successfully" owner="login_page">
<kw name="Wait Until Element Is Visible" owner="SeleniumLibrary">
<arg>${login_locator.pop_up_btn}</arg>
<doc>Waits until the element ``locator`` is visible.</doc>
<status status="PASS" start="2024-10-08T11:58:38.999152" elapsed="0.011996"/>
</kw>
<kw name="Click Element" owner="SeleniumLibrary">
<msg time="2024-10-08T11:58:39.011421" level="INFO">Clicking element 'xpath=//span[text()='OK']'.</msg>
<arg>${login_locator.pop_up_btn}</arg>
<doc>Click the element identified by ``locator``.</doc>
<status status="PASS" start="2024-10-08T11:58:39.011276" elapsed="0.030194"/>
</kw>
<kw name="Wait Until Element Is Not Visible" owner="SeleniumLibrary">
<arg>${login_locator.pop_up_btn}</arg>
<doc>Waits until the element ``locator`` is not visible.</doc>
<status status="PASS" start="2024-10-08T11:58:39.041591" elapsed="0.217284"/>
</kw>
<status status="PASS" start="2024-10-08T11:58:38.998957" elapsed="0.260070"/>
</kw>
<kw name="Close Browser" owner="SeleniumLibrary">
<doc>Closes the current browser.</doc>
<status status="PASS" start="2024-10-08T11:58:39.259215" elapsed="0.086709"/>
</kw>
<arg>username=nnnn@gmail.com</arg>
<arg>password=Nn.123456789</arg>
<arg>expect_message=Login successfully</arg>
<status status="PASS" start="2024-10-08T11:58:36.485812" elapsed="2.860200"/>
</kw>
<status status="PASS" start="2024-10-08T11:58:36.485247" elapsed="2.860932"/>
</test>
<test id="s1-t2" name="Test login with data driver" line="5">
<kw name="Test Login with data driven">
<kw name="Open training platform doppio website" owner="common">
<kw name="Open Browser" owner="SeleniumLibrary">
<msg time="2024-10-08T11:58:39.347710" level="INFO">Opening browser 'gc' to base url 'https://training-platform.doppio-tech.com/'.</msg>
<arg>${url}</arg>
<arg>gc</arg>
<doc>Opens a new browser instance to the optional ``url``.</doc>
<status status="PASS" start="2024-10-08T11:58:39.347591" elapsed="1.869189"/>
</kw>
<status status="PASS" start="2024-10-08T11:58:39.347441" elapsed="1.869575"/>
</kw>
<kw name="Click user icon" owner="main_page">
<kw name="Wait Until Element Is Visible" owner="SeleniumLibrary">
<arg>${main_locator.user_icon}</arg>
<doc>Waits until the element ``locator`` is visible.</doc>
<status status="PASS" start="2024-10-08T11:58:41.217596" elapsed="0.011223"/>
</kw>
<kw name="Click Element" owner="SeleniumLibrary">
<msg time="2024-10-08T11:58:41.229049" level="INFO">Clicking element 'xpath=//ul[@role='menu']//span[@aria-label='user']'.</msg>
<arg>${main_locator.user_icon}</arg>
<doc>Click the element identified by ``locator``.</doc>
<status status="PASS" start="2024-10-08T11:58:41.228925" elapsed="0.040670"/>
</kw>
<status status="PASS" start="2024-10-08T11:58:41.217330" elapsed="0.052337"/>
</kw>
<kw name="Input username on login page" owner="login_page">
<kw name="Wait Until Element Is Visible" owner="SeleniumLibrary">
<arg>${login_locator.username_input}</arg>
<doc>Waits until the element ``locator`` is visible.</doc>
<status status="PASS" start="2024-10-08T11:58:41.270505" elapsed="0.009921"/>
</kw>
<kw name="Input Text" owner="SeleniumLibrary">
<msg time="2024-10-08T11:58:41.280645" level="INFO">Typing text 'nnnn@gmail.com' into text field 'xpath=//label[text()="Username"]/parent::div/following-sibling::div//input'.</msg>
<arg>${login_locator.username_input}</arg>
<arg>${username}</arg>
<doc>Types the given ``text`` into the text field identified by ``locator``.</doc>
<status status="PASS" start="2024-10-08T11:58:41.280524" elapsed="0.096673"/>
</kw>
<arg>${username}</arg>
<status status="PASS" start="2024-10-08T11:58:41.270166" elapsed="0.107102"/>
</kw>
<kw name="Input password on login page" owner="login_page">
<kw name="Wait Until Element Is Visible" owner="SeleniumLibrary">
<arg>${login_locator.password_input}</arg>
<doc>Waits until the element ``locator`` is visible.</doc>
<status status="PASS" start="2024-10-08T11:58:41.377535" elapsed="0.008625"/>
</kw>
<kw name="Input Text" owner="SeleniumLibrary">
<msg time="2024-10-08T11:58:41.386358" level="INFO">Typing text 'Nn.111111111' into text field 'xpath=//label[text()="Password"]/parent::div/following-sibling::div//input'.</msg>
<arg>${login_locator.password_input}</arg>
<arg>${password}</arg>
<doc>Types the given ``text`` into the text field identified by ``locator``.</doc>
<status status="PASS" start="2024-10-08T11:58:41.386247" elapsed="0.032663"/>
</kw>
<arg>${password}</arg>
<status status="PASS" start="2024-10-08T11:58:41.377375" elapsed="0.041603"/>
</kw>
<kw name="Click login button" owner="login_page">
<kw name="Wait Until Element Is Visible" owner="SeleniumLibrary">
<arg>${login_locator.login_btn}</arg>
<doc>Waits until the element ``locator`` is visible.</doc>
<status status="PASS" start="2024-10-08T11:58:41.419212" elapsed="0.007870"/>
</kw>
<kw name="Click Element" owner="SeleniumLibrary">
<msg time="2024-10-08T11:58:41.427301" level="INFO">Clicking element 'xpath=//span[text()='Login']'.</msg>
<arg>${login_locator.login_btn}</arg>
<doc>Click the element identified by ``locator``.</doc>
<status status="PASS" start="2024-10-08T11:58:41.427172" elapsed="0.018109"/>
</kw>
<status status="PASS" start="2024-10-08T11:58:41.419087" elapsed="0.026249"/>
</kw>
<kw name="Verify expected message" owner="login_page">
<kw name="Wait Until Element Is Visible" owner="SeleniumLibrary">
<arg>${login_locator.verify_message}</arg>
<doc>Waits until the element ``locator`` is visible.</doc>
<status status="PASS" start="2024-10-08T11:58:41.445592" elapsed="0.436017"/>
</kw>
<kw name="Get Text" owner="SeleniumLibrary">
<msg time="2024-10-08T11:58:41.897069" level="INFO">${status} = Login Failed</msg>
<var>${status}</var>
<arg>${login_locator.verify_message}</arg>
<doc>Returns the text value of the element identified by ``locator``.</doc>
<status status="PASS" start="2024-10-08T11:58:41.881897" elapsed="0.015206"/>
</kw>
<kw name="Log" owner="BuiltIn">
<msg time="2024-10-08T11:58:41.897474" level="INFO">Login Failed</msg>
<arg>${status}</arg>
<arg>console=True</arg>
<doc>Logs the given message with the given level.</doc>
<status status="PASS" start="2024-10-08T11:58:41.897267" elapsed="0.000289"/>
</kw>
<kw name="Should Be Equal As Strings" owner="BuiltIn">
<arg>${status}</arg>
<arg>${expect_message}</arg>
<doc>Fails if objects are unequal after converting them to strings.</doc>
<status status="PASS" start="2024-10-08T11:58:41.897648" elapsed="0.000141"/>
</kw>
<arg>${expect_message}</arg>
<status status="PASS" start="2024-10-08T11:58:41.445433" elapsed="0.452411"/>
</kw>
<kw name="Click ok pop up after login successfully" owner="login_page">
<kw name="Wait Until Element Is Visible" owner="SeleniumLibrary">
<arg>${login_locator.pop_up_btn}</arg>
<doc>Waits until the element ``locator`` is visible.</doc>
<status status="PASS" start="2024-10-08T11:58:41.898144" elapsed="0.011754"/>
</kw>
<kw name="Click Element" owner="SeleniumLibrary">
<msg time="2024-10-08T11:58:41.910203" level="INFO">Clicking element 'xpath=//span[text()='OK']'.</msg>
<arg>${login_locator.pop_up_btn}</arg>
<doc>Click the element identified by ``locator``.</doc>
<status status="PASS" start="2024-10-08T11:58:41.910048" elapsed="0.019740"/>
</kw>
<kw name="Wait Until Element Is Not Visible" owner="SeleniumLibrary">
<msg time="2024-10-08T11:58:42.154090" level="INFO">Suppressing StaleElementReferenceException from Selenium.</msg>
<arg>${login_locator.pop_up_btn}</arg>
<doc>Waits until the element ``locator`` is not visible.</doc>
<status status="PASS" start="2024-10-08T11:58:41.929887" elapsed="0.434897"/>
</kw>
<status status="PASS" start="2024-10-08T11:58:41.897972" elapsed="0.467108"/>
</kw>
<kw name="Close Browser" owner="SeleniumLibrary">
<doc>Closes the current browser.</doc>
<status status="PASS" start="2024-10-08T11:58:42.365457" elapsed="0.091146"/>
</kw>
<arg>username=nnnn@gmail.com</arg>
<arg>password=Nn.111111111</arg>
<arg>expect_message=Login Failed</arg>
<status status="PASS" start="2024-10-08T11:58:39.347231" elapsed="3.109465"/>
</kw>
<status status="PASS" start="2024-10-08T11:58:39.346422" elapsed="3.110446"/>
</test>
<status status="PASS" start="2024-10-08T11:58:36.425469" elapsed="6.031650"/>
</suite>
<statistics>
<total>
<stat pass="2" fail="0" skip="0">All Tests</stat>
</total>
<tag>
</tag>
<suite>
<stat pass="2" fail="0" skip="0" id="s1" name="Test">Test</stat>
</suite>
</statistics>
<errors>
<msg time="2024-10-08T11:58:39.346357" level="WARN">Multiple tests with name 'Test login with data driver' executed in suite 'Test'.</msg>
</errors>
</robot>
