<?xml version="1.0" encoding="UTF-8"?>
<robot generator="Robot 7.1 (Python 3.12.6 on darwin)" generated="2024-10-07T08:54:39.795981" rpa="false" schemaversion="5">
<suite id="s1" name="Test" source="/Users/puttipong.p/Basic-robot-assignment/Data driven/testcases/test.robot">
<test id="s1-t1" name="Test Data Driver" line="5">
<kw name="Test Login with data driven">
<kw name="Open training platform doppio website" owner="common">
<kw name="Open Browser" owner="SeleniumLibrary">
<msg time="2024-10-07T08:54:39.895303" level="INFO">Opening browser 'gc' to base url 'https://training-platform.doppio-tech.com/'.</msg>
<arg>${url}</arg>
<arg>gc</arg>
<doc>Opens a new browser instance to the optional ``url``.</doc>
<status status="PASS" start="2024-10-07T08:54:39.895212" elapsed="2.232785"/>
</kw>
<status status="PASS" start="2024-10-07T08:54:39.894846" elapsed="2.233420"/>
</kw>
<kw name="Click user icon" owner="main_page">
<kw name="Wait Until Element Is Visible" owner="SeleniumLibrary">
<arg>${main_locator.user_icon}</arg>
<doc>Waits until the element ``locator`` is visible.</doc>
<status status="PASS" start="2024-10-07T08:54:42.128985" elapsed="0.013171"/>
</kw>
<kw name="Click Element" owner="SeleniumLibrary">
<msg time="2024-10-07T08:54:42.142386" level="INFO">Clicking element 'xpath=//ul[@role='menu']//span[@aria-label='user']'.</msg>
<arg>${main_locator.user_icon}</arg>
<doc>Click the element identified by ``locator``.</doc>
<status status="PASS" start="2024-10-07T08:54:42.142264" elapsed="0.041619"/>
</kw>
<status status="PASS" start="2024-10-07T08:54:42.128573" elapsed="0.055459"/>
</kw>
<kw name="Input username on login page" owner="login_page">
<kw name="Wait Until Element Is Visible" owner="SeleniumLibrary">
<arg>${login_locator.username_input}</arg>
<doc>Waits until the element ``locator`` is visible.</doc>
<status status="PASS" start="2024-10-07T08:54:42.184927" elapsed="0.009970"/>
</kw>
<kw name="Input Text" owner="SeleniumLibrary">
<msg time="2024-10-07T08:54:42.195124" level="INFO">Typing text 'nnnn@gmail.com' into text field 'xpath=//label[text()="Username"]/parent::div/following-sibling::div//input'.</msg>
<arg>${login_locator.username_input}</arg>
<arg>${username}</arg>
<doc>Types the given ``text`` into the text field identified by ``locator``.</doc>
<status status="PASS" start="2024-10-07T08:54:42.194996" elapsed="0.110349"/>
</kw>
<arg>${username}</arg>
<status status="PASS" start="2024-10-07T08:54:42.184691" elapsed="0.120728"/>
</kw>
<kw name="Input password on login page" owner="login_page">
<kw name="Wait Until Element Is Visible" owner="SeleniumLibrary">
<arg>${login_locator.password_input}</arg>
<doc>Waits until the element ``locator`` is visible.</doc>
<status status="PASS" start="2024-10-07T08:54:42.305711" elapsed="0.008271"/>
</kw>
<kw name="Input Text" owner="SeleniumLibrary">
<msg time="2024-10-07T08:54:42.314190" level="INFO">Typing text 'Nn.123456789' into text field 'xpath=//label[text()="Password"]/parent::div/following-sibling::div//input'.</msg>
<arg>${login_locator.password_input}</arg>
<arg>${password}</arg>
<doc>Types the given ``text`` into the text field identified by ``locator``.</doc>
<status status="PASS" start="2024-10-07T08:54:42.314074" elapsed="0.038636"/>
</kw>
<arg>${password}</arg>
<status status="PASS" start="2024-10-07T08:54:42.305536" elapsed="0.047245"/>
</kw>
<kw name="Click Login button" owner="login_page">
<kw name="Wait Until Element Is Visible" owner="SeleniumLibrary">
<arg>${login_locator.login_btn}</arg>
<doc>Waits until the element ``locator`` is visible.</doc>
<status status="PASS" start="2024-10-07T08:54:42.353017" elapsed="0.007334"/>
</kw>
<kw name="Click Element" owner="SeleniumLibrary">
<msg time="2024-10-07T08:54:42.360546" level="INFO">Clicking element 'xpath=//span[text()='Login']'.</msg>
<arg>${login_locator.login_btn}</arg>
<doc>Click the element identified by ``locator``.</doc>
<status status="PASS" start="2024-10-07T08:54:42.360441" elapsed="0.017672"/>
</kw>
<status status="PASS" start="2024-10-07T08:54:42.352888" elapsed="0.025283"/>
</kw>
<kw name="Verify expected message" owner="login_page">
<kw name="Wait Until Element Is Visible" owner="SeleniumLibrary">
<arg>${login_locator.verify_message}</arg>
<doc>Waits until the element ``locator`` is visible.</doc>
<status status="PASS" start="2024-10-07T08:54:42.378410" elapsed="0.868425"/>
</kw>
<kw name="Get Text" owner="SeleniumLibrary">
<msg time="2024-10-07T08:54:43.263929" level="INFO">${status} = Login successfully</msg>
<var>${status}</var>
<arg>${login_locator.verify_message}</arg>
<doc>Returns the text value of the element identified by ``locator``.</doc>
<status status="PASS" start="2024-10-07T08:54:43.247084" elapsed="0.016879"/>
</kw>
<kw name="Log" owner="BuiltIn">
<msg time="2024-10-07T08:54:43.264340" level="INFO">Login successfully</msg>
<arg>${status}</arg>
<arg>console=True</arg>
<doc>Logs the given message with the given level.</doc>
<status status="PASS" start="2024-10-07T08:54:43.264124" elapsed="0.000300"/>
</kw>
<kw name="Should Be Equal As Strings" owner="BuiltIn">
<arg>${status}</arg>
<arg>${expect_message}</arg>
<doc>Fails if objects are unequal after converting them to strings.</doc>
<status status="PASS" start="2024-10-07T08:54:43.264523" elapsed="0.000140"/>
</kw>
<arg>${expect_message}</arg>
<status status="PASS" start="2024-10-07T08:54:42.378268" elapsed="0.886451"/>
</kw>
<kw name="Click OK pop up after login successfully" owner="login_page">
<kw name="Wait Until Element Is Visible" owner="SeleniumLibrary">
<arg>${login_locator.pop_up_btn}</arg>
<doc>Waits until the element ``locator`` is visible.</doc>
<status status="PASS" start="2024-10-07T08:54:43.265055" elapsed="0.011597"/>
</kw>
<kw name="Click Element" owner="SeleniumLibrary">
<msg time="2024-10-07T08:54:43.276883" level="INFO">Clicking element 'xpath=//span[text()='OK']'.</msg>
<arg>${login_locator.pop_up_btn}</arg>
<doc>Click the element identified by ``locator``.</doc>
<status status="PASS" start="2024-10-07T08:54:43.276754" elapsed="0.032253"/>
</kw>
<kw name="Wait Until Element Is Not Visible" owner="SeleniumLibrary">
<arg>${login_locator.pop_up_btn}</arg>
<doc>Waits until the element ``locator`` is not visible.</doc>
<status status="PASS" start="2024-10-07T08:54:43.309126" elapsed="0.218660"/>
</kw>
<status status="PASS" start="2024-10-07T08:54:43.264861" elapsed="0.263061"/>
</kw>
<kw name="Close Browser" owner="SeleniumLibrary">
<doc>Closes the current browser.</doc>
<status status="PASS" start="2024-10-07T08:54:43.528087" elapsed="0.094440"/>
</kw>
<arg>username=nnnn@gmail.com</arg>
<arg>password=Nn.123456789</arg>
<arg>expect_message=Login successfully</arg>
<status status="PASS" start="2024-10-07T08:54:39.894681" elapsed="3.727933"/>
</kw>
<status status="PASS" start="2024-10-07T08:54:39.894142" elapsed="3.728656"/>
</test>
<test id="s1-t2" name="Test Data Driver" line="5">
<kw name="Test Login with data driven">
<kw name="Open training platform doppio website" owner="common">
<kw name="Open Browser" owner="SeleniumLibrary">
<msg time="2024-10-07T08:54:43.624262" level="INFO">Opening browser 'gc' to base url 'https://training-platform.doppio-tech.com/'.</msg>
<arg>${url}</arg>
<arg>gc</arg>
<doc>Opens a new browser instance to the optional ``url``.</doc>
<status status="PASS" start="2024-10-07T08:54:43.624142" elapsed="1.691692"/>
</kw>
<status status="PASS" start="2024-10-07T08:54:43.623987" elapsed="1.692007"/>
</kw>
<kw name="Click user icon" owner="main_page">
<kw name="Wait Until Element Is Visible" owner="SeleniumLibrary">
<arg>${main_locator.user_icon}</arg>
<doc>Waits until the element ``locator`` is visible.</doc>
<status status="PASS" start="2024-10-07T08:54:45.316484" elapsed="0.010341"/>
</kw>
<kw name="Click Element" owner="SeleniumLibrary">
<msg time="2024-10-07T08:54:45.327037" level="INFO">Clicking element 'xpath=//ul[@role='menu']//span[@aria-label='user']'.</msg>
<arg>${main_locator.user_icon}</arg>
<doc>Click the element identified by ``locator``.</doc>
<status status="PASS" start="2024-10-07T08:54:45.326924" elapsed="0.042196"/>
</kw>
<status status="PASS" start="2024-10-07T08:54:45.316243" elapsed="0.052963"/>
</kw>
<kw name="Input username on login page" owner="login_page">
<kw name="Wait Until Element Is Visible" owner="SeleniumLibrary">
<arg>${login_locator.username_input}</arg>
<doc>Waits until the element ``locator`` is visible.</doc>
<status status="PASS" start="2024-10-07T08:54:45.370077" elapsed="0.011840"/>
</kw>
<kw name="Input Text" owner="SeleniumLibrary">
<msg time="2024-10-07T08:54:45.382125" level="INFO">Typing text 'nnnn@gmail.com' into text field 'xpath=//label[text()="Username"]/parent::div/following-sibling::div//input'.</msg>
<arg>${login_locator.username_input}</arg>
<arg>${username}</arg>
<doc>Types the given ``text`` into the text field identified by ``locator``.</doc>
<status status="PASS" start="2024-10-07T08:54:45.382009" elapsed="0.098742"/>
</kw>
<arg>${username}</arg>
<status status="PASS" start="2024-10-07T08:54:45.369618" elapsed="0.111211"/>
</kw>
<kw name="Input password on login page" owner="login_page">
<kw name="Wait Until Element Is Visible" owner="SeleniumLibrary">
<arg>${login_locator.password_input}</arg>
<doc>Waits until the element ``locator`` is visible.</doc>
<status status="PASS" start="2024-10-07T08:54:45.481129" elapsed="0.008537"/>
</kw>
<kw name="Input Text" owner="SeleniumLibrary">
<msg time="2024-10-07T08:54:45.489865" level="INFO">Typing text 'Nn.111111111' into text field 'xpath=//label[text()="Password"]/parent::div/following-sibling::div//input'.</msg>
<arg>${login_locator.password_input}</arg>
<arg>${password}</arg>
<doc>Types the given ``text`` into the text field identified by ``locator``.</doc>
<status status="PASS" start="2024-10-07T08:54:45.489751" elapsed="0.033063"/>
</kw>
<arg>${password}</arg>
<status status="PASS" start="2024-10-07T08:54:45.480951" elapsed="0.041929"/>
</kw>
<kw name="Click Login button" owner="login_page">
<kw name="Wait Until Element Is Visible" owner="SeleniumLibrary">
<arg>${login_locator.login_btn}</arg>
<doc>Waits until the element ``locator`` is visible.</doc>
<status status="PASS" start="2024-10-07T08:54:45.523111" elapsed="0.008045"/>
</kw>
<kw name="Click Element" owner="SeleniumLibrary">
<msg time="2024-10-07T08:54:45.531341" level="INFO">Clicking element 'xpath=//span[text()='Login']'.</msg>
<arg>${login_locator.login_btn}</arg>
<doc>Click the element identified by ``locator``.</doc>
<status status="PASS" start="2024-10-07T08:54:45.531242" elapsed="0.017413"/>
</kw>
<status status="PASS" start="2024-10-07T08:54:45.522981" elapsed="0.025732"/>
</kw>
<kw name="Verify expected message" owner="login_page">
<kw name="Wait Until Element Is Visible" owner="SeleniumLibrary">
<arg>${login_locator.verify_message}</arg>
<doc>Waits until the element ``locator`` is visible.</doc>
<status status="PASS" start="2024-10-07T08:54:45.548980" elapsed="0.639284"/>
</kw>
<kw name="Get Text" owner="SeleniumLibrary">
<msg time="2024-10-07T08:54:46.198566" level="INFO">${status} = Login Failed</msg>
<var>${status}</var>
<arg>${login_locator.verify_message}</arg>
<doc>Returns the text value of the element identified by ``locator``.</doc>
<status status="PASS" start="2024-10-07T08:54:46.188400" elapsed="0.010190"/>
</kw>
<kw name="Log" owner="BuiltIn">
<msg time="2024-10-07T08:54:46.198819" level="INFO">Login Failed</msg>
<arg>${status}</arg>
<arg>console=True</arg>
<doc>Logs the given message with the given level.</doc>
<status status="PASS" start="2024-10-07T08:54:46.198689" elapsed="0.000190"/>
</kw>
<kw name="Should Be Equal As Strings" owner="BuiltIn">
<arg>${status}</arg>
<arg>${expect_message}</arg>
<doc>Fails if objects are unequal after converting them to strings.</doc>
<status status="PASS" start="2024-10-07T08:54:46.198945" elapsed="0.000100"/>
</kw>
<arg>${expect_message}</arg>
<status status="PASS" start="2024-10-07T08:54:45.548813" elapsed="0.650270"/>
</kw>
<kw name="Click OK pop up after login successfully" owner="login_page">
<kw name="Wait Until Element Is Visible" owner="SeleniumLibrary">
<arg>${login_locator.pop_up_btn}</arg>
<doc>Waits until the element ``locator`` is visible.</doc>
<status status="PASS" start="2024-10-07T08:54:46.199291" elapsed="0.009012"/>
</kw>
<kw name="Click Element" owner="SeleniumLibrary">
<msg time="2024-10-07T08:54:46.208536" level="INFO">Clicking element 'xpath=//span[text()='OK']'.</msg>
<arg>${login_locator.pop_up_btn}</arg>
<doc>Click the element identified by ``locator``.</doc>
<status status="PASS" start="2024-10-07T08:54:46.208426" elapsed="0.017092"/>
</kw>
<kw name="Wait Until Element Is Not Visible" owner="SeleniumLibrary">
<arg>${login_locator.pop_up_btn}</arg>
<doc>Waits until the element ``locator`` is not visible.</doc>
<status status="PASS" start="2024-10-07T08:54:46.225608" elapsed="0.219307"/>
</kw>
<status status="PASS" start="2024-10-07T08:54:46.199172" elapsed="0.245873"/>
</kw>
<kw name="Close Browser" owner="SeleniumLibrary">
<doc>Closes the current browser.</doc>
<status status="PASS" start="2024-10-07T08:54:46.445204" elapsed="0.081710"/>
</kw>
<arg>username=nnnn@gmail.com</arg>
<arg>password=Nn.111111111</arg>
<arg>expect_message=Login Failed</arg>
<status status="PASS" start="2024-10-07T08:54:43.623781" elapsed="2.903210"/>
</kw>
<status status="PASS" start="2024-10-07T08:54:43.623046" elapsed="2.904094"/>
</test>
<status status="PASS" start="2024-10-07T08:54:39.796761" elapsed="6.730601"/>
</suite>
<statistics>
<total>
<stat pass="2" fail="0" skip="0">All Tests</stat>
</total>
<tag>
</tag>
<suite>
<stat pass="2" fail="0" skip="0" id="s1" name="Test">Test</stat>
</suite>
</statistics>
<errors>
<msg time="2024-10-07T08:54:39.794597" level="WARN">Error in file '/Users/puttipong.p/Basic-robot-assignment/Data driven/testcases/test.robot' on line 1: Singular section headers like '*** Setting ***' are deprecated. Use plural format like '*** Settings ***' instead.</msg>
<msg time="2024-10-07T08:54:39.794652" level="WARN">Error in file '/Users/puttipong.p/Basic-robot-assignment/Data driven/testcases/test.robot' on line 6: Singular section headers like '*** Keyword ***' are deprecated. Use plural format like '*** Keywords ***' instead.</msg>
<msg time="2024-10-07T08:54:39.888137" level="ERROR">Error in file '/Users/puttipong.p/Basic-robot-assignment/Data driven/keywords/import.robot' on line 7: Invalid resource file extension '.csv'. Supported extensions are '.json', '.resource', '.rest', '.robot', '.rsrc', '.rst', '.tsv' and '.txt'.</msg>
<msg time="2024-10-07T08:54:43.622987" level="WARN">Multiple tests with name 'Test Data Driver' executed in suite 'Test'.</msg>
</errors>
</robot>
