<?xml version="1.0" encoding="UTF-8"?>
<robot generator="Robot 7.1 (Python 3.12.6 on darwin)" generated="2024-10-08T10:36:29.321098" rpa="false" schemaversion="5">
<suite id="s1" name="Test" source="/Users/puttipong.p/Basic-robot-assignment/Data driven/testcases/test.robot">
<test id="s1-t1" name="Test Data Driver" line="5">
<kw name="Test Login with data driven">
<kw name="Open training platform doppio website" owner="common">
<kw name="Open Browser" owner="SeleniumLibrary">
<msg time="2024-10-08T10:36:29.381226" level="INFO">Opening browser 'gc' to base url 'https://training-platform.doppio-tech.com/'.</msg>
<arg>${url}</arg>
<arg>gc</arg>
<doc>Opens a new browser instance to the optional ``url``.</doc>
<status status="PASS" start="2024-10-08T10:36:29.381143" elapsed="1.825592"/>
</kw>
<status status="PASS" start="2024-10-08T10:36:29.380877" elapsed="1.826042"/>
</kw>
<kw name="Click user icon" owner="main_page">
<kw name="Wait Until Element Is Visible" owner="SeleniumLibrary">
<arg>${main_locator.user_icon}</arg>
<doc>Waits until the element ``locator`` is visible.</doc>
<status status="PASS" start="2024-10-08T10:36:31.207329" elapsed="0.011360"/>
</kw>
<kw name="Click Element" owner="SeleniumLibrary">
<msg time="2024-10-08T10:36:31.218943" level="INFO">Clicking element 'xpath=//ul[@role='menu']//span[@aria-label='user']'.</msg>
<arg>${main_locator.user_icon}</arg>
<doc>Click the element identified by ``locator``.</doc>
<status status="PASS" start="2024-10-08T10:36:31.218815" elapsed="0.043816"/>
</kw>
<status status="PASS" start="2024-10-08T10:36:31.207126" elapsed="0.055592"/>
</kw>
<kw name="Input username on login page" owner="login_page">
<kw name="Wait Until Element Is Visible" owner="SeleniumLibrary">
<arg>${login_locator.username_input}</arg>
<doc>Waits until the element ``locator`` is visible.</doc>
<status status="PASS" start="2024-10-08T10:36:31.263081" elapsed="0.009683"/>
</kw>
<kw name="Input Text" owner="SeleniumLibrary">
<msg time="2024-10-08T10:36:31.272971" level="INFO">Typing text 'nnnn@gmail.com' into text field 'xpath=//label[text()="Username"]/parent::div/following-sibling::div//input'.</msg>
<arg>${login_locator.username_input}</arg>
<arg>${username}</arg>
<doc>Types the given ``text`` into the text field identified by ``locator``.</doc>
<status status="PASS" start="2024-10-08T10:36:31.272859" elapsed="0.091592"/>
</kw>
<arg>${username}</arg>
<status status="PASS" start="2024-10-08T10:36:31.262867" elapsed="0.101652"/>
</kw>
<kw name="Input password on login page" owner="login_page">
<kw name="Wait Until Element Is Visible" owner="SeleniumLibrary">
<arg>${login_locator.password_input}</arg>
<doc>Waits until the element ``locator`` is visible.</doc>
<status status="PASS" start="2024-10-08T10:36:31.364792" elapsed="0.008741"/>
</kw>
<kw name="Input Text" owner="SeleniumLibrary">
<msg time="2024-10-08T10:36:31.373738" level="INFO">Typing text 'Nn.123456789' into text field 'xpath=//label[text()="Password"]/parent::div/following-sibling::div//input'.</msg>
<arg>${login_locator.password_input}</arg>
<arg>${password}</arg>
<doc>Types the given ``text`` into the text field identified by ``locator``.</doc>
<status status="PASS" start="2024-10-08T10:36:31.373625" elapsed="0.032636"/>
</kw>
<arg>${password}</arg>
<status status="PASS" start="2024-10-08T10:36:31.364628" elapsed="0.041699"/>
</kw>
<kw name="Click login button" owner="login_page">
<kw name="Wait Until Element Is Visible" owner="SeleniumLibrary">
<arg>${login_locator.login_btn}</arg>
<doc>Waits until the element ``locator`` is visible.</doc>
<status status="PASS" start="2024-10-08T10:36:31.406573" elapsed="0.007726"/>
</kw>
<kw name="Click Element" owner="SeleniumLibrary">
<msg time="2024-10-08T10:36:31.414467" level="INFO">Clicking element 'xpath=//span[text()='Login']'.</msg>
<arg>${login_locator.login_btn}</arg>
<doc>Click the element identified by ``locator``.</doc>
<status status="PASS" start="2024-10-08T10:36:31.414375" elapsed="0.017838"/>
</kw>
<status status="PASS" start="2024-10-08T10:36:31.406428" elapsed="0.025838"/>
</kw>
<kw name="Verify expected message" owner="login_page">
<kw name="Wait Until Element Is Visible" owner="SeleniumLibrary">
<arg>${login_locator.verify_message}</arg>
<doc>Waits until the element ``locator`` is visible.</doc>
<status status="PASS" start="2024-10-08T10:36:31.432495" elapsed="0.643876"/>
</kw>
<kw name="Get Text" owner="SeleniumLibrary">
<msg time="2024-10-08T10:36:32.087170" level="INFO">${status} = Login successfully</msg>
<var>${status}</var>
<arg>${login_locator.verify_message}</arg>
<doc>Returns the text value of the element identified by ``locator``.</doc>
<status status="PASS" start="2024-10-08T10:36:32.076649" elapsed="0.010546"/>
</kw>
<kw name="Log" owner="BuiltIn">
<msg time="2024-10-08T10:36:32.087442" level="INFO">Login successfully</msg>
<arg>${status}</arg>
<arg>console=True</arg>
<doc>Logs the given message with the given level.</doc>
<status status="PASS" start="2024-10-08T10:36:32.087304" elapsed="0.000197"/>
</kw>
<kw name="Should Be Equal As Strings" owner="BuiltIn">
<arg>${status}</arg>
<arg>${expect_message}</arg>
<doc>Fails if objects are unequal after converting them to strings.</doc>
<status status="PASS" start="2024-10-08T10:36:32.087573" elapsed="0.000108"/>
</kw>
<arg>${expect_message}</arg>
<status status="PASS" start="2024-10-08T10:36:31.432355" elapsed="0.655366"/>
</kw>
<kw name="Click ok pop up after login successfully" owner="login_page">
<kw name="Wait Until Element Is Visible" owner="SeleniumLibrary">
<arg>${login_locator.pop_up_btn}</arg>
<doc>Waits until the element ``locator`` is visible.</doc>
<status status="PASS" start="2024-10-08T10:36:32.087939" elapsed="0.009253"/>
</kw>
<kw name="Click Element" owner="SeleniumLibrary">
<msg time="2024-10-08T10:36:32.097458" level="INFO">Clicking element 'xpath=//span[text()='OK']'.</msg>
<arg>${login_locator.pop_up_btn}</arg>
<doc>Click the element identified by ``locator``.</doc>
<status status="PASS" start="2024-10-08T10:36:32.097300" elapsed="0.029292"/>
</kw>
<kw name="Wait Until Element Is Not Visible" owner="SeleniumLibrary">
<arg>${login_locator.pop_up_btn}</arg>
<doc>Waits until the element ``locator`` is not visible.</doc>
<status status="PASS" start="2024-10-08T10:36:32.126703" elapsed="0.217927"/>
</kw>
<status status="PASS" start="2024-10-08T10:36:32.087809" elapsed="0.256974"/>
</kw>
<kw name="Close Browser" owner="SeleniumLibrary">
<doc>Closes the current browser.</doc>
<status status="PASS" start="2024-10-08T10:36:32.344956" elapsed="0.084013"/>
</kw>
<arg>username=nnnn@gmail.com</arg>
<arg>password=Nn.123456789</arg>
<arg>expect_message=Login successfully</arg>
<status status="PASS" start="2024-10-08T10:36:29.380722" elapsed="3.048337"/>
</kw>
<status status="PASS" start="2024-10-08T10:36:29.380197" elapsed="3.049020"/>
</test>
<test id="s1-t2" name="Test Data Driver" line="5">
<kw name="Test Login with data driven">
<kw name="Open training platform doppio website" owner="common">
<kw name="Open Browser" owner="SeleniumLibrary">
<msg time="2024-10-08T10:36:32.430638" level="INFO">Opening browser 'gc' to base url 'https://training-platform.doppio-tech.com/'.</msg>
<arg>${url}</arg>
<arg>gc</arg>
<doc>Opens a new browser instance to the optional ``url``.</doc>
<status status="PASS" start="2024-10-08T10:36:32.430529" elapsed="1.620403"/>
</kw>
<status status="PASS" start="2024-10-08T10:36:32.430393" elapsed="1.620986"/>
</kw>
<kw name="Click user icon" owner="main_page">
<kw name="Wait Until Element Is Visible" owner="SeleniumLibrary">
<arg>${main_locator.user_icon}</arg>
<doc>Waits until the element ``locator`` is visible.</doc>
<status status="PASS" start="2024-10-08T10:36:34.052051" elapsed="0.010652"/>
</kw>
<kw name="Click Element" owner="SeleniumLibrary">
<msg time="2024-10-08T10:36:34.062921" level="INFO">Clicking element 'xpath=//ul[@role='menu']//span[@aria-label='user']'.</msg>
<arg>${main_locator.user_icon}</arg>
<doc>Click the element identified by ``locator``.</doc>
<status status="PASS" start="2024-10-08T10:36:34.062806" elapsed="0.040993"/>
</kw>
<status status="PASS" start="2024-10-08T10:36:34.051752" elapsed="0.052154"/>
</kw>
<kw name="Input username on login page" owner="login_page">
<kw name="Wait Until Element Is Visible" owner="SeleniumLibrary">
<arg>${login_locator.username_input}</arg>
<doc>Waits until the element ``locator`` is visible.</doc>
<status status="PASS" start="2024-10-08T10:36:34.104413" elapsed="0.017102"/>
</kw>
<kw name="Input Text" owner="SeleniumLibrary">
<msg time="2024-10-08T10:36:34.121757" level="INFO">Typing text 'nnnn@gmail.com' into text field 'xpath=//label[text()="Username"]/parent::div/following-sibling::div//input'.</msg>
<arg>${login_locator.username_input}</arg>
<arg>${username}</arg>
<doc>Types the given ``text`` into the text field identified by ``locator``.</doc>
<status status="PASS" start="2024-10-08T10:36:34.121625" elapsed="0.091656"/>
</kw>
<arg>${username}</arg>
<status status="PASS" start="2024-10-08T10:36:34.104145" elapsed="0.109204"/>
</kw>
<kw name="Input password on login page" owner="login_page">
<kw name="Wait Until Element Is Visible" owner="SeleniumLibrary">
<arg>${login_locator.password_input}</arg>
<doc>Waits until the element ``locator`` is visible.</doc>
<status status="PASS" start="2024-10-08T10:36:34.213612" elapsed="0.008798"/>
</kw>
<kw name="Input Text" owner="SeleniumLibrary">
<msg time="2024-10-08T10:36:34.222611" level="INFO">Typing text 'Nn.111111111' into text field 'xpath=//label[text()="Password"]/parent::div/following-sibling::div//input'.</msg>
<arg>${login_locator.password_input}</arg>
<arg>${password}</arg>
<doc>Types the given ``text`` into the text field identified by ``locator``.</doc>
<status status="PASS" start="2024-10-08T10:36:34.222495" elapsed="0.033531"/>
</kw>
<arg>${password}</arg>
<status status="PASS" start="2024-10-08T10:36:34.213454" elapsed="0.042644"/>
</kw>
<kw name="Click login button" owner="login_page">
<kw name="Wait Until Element Is Visible" owner="SeleniumLibrary">
<arg>${login_locator.login_btn}</arg>
<doc>Waits until the element ``locator`` is visible.</doc>
<status status="PASS" start="2024-10-08T10:36:34.256343" elapsed="0.007858"/>
</kw>
<kw name="Click Element" owner="SeleniumLibrary">
<msg time="2024-10-08T10:36:34.264383" level="INFO">Clicking element 'xpath=//span[text()='Login']'.</msg>
<arg>${login_locator.login_btn}</arg>
<doc>Click the element identified by ``locator``.</doc>
<status status="PASS" start="2024-10-08T10:36:34.264286" elapsed="0.017711"/>
</kw>
<status status="PASS" start="2024-10-08T10:36:34.256206" elapsed="0.025845"/>
</kw>
<kw name="Verify expected message" owner="login_page">
<kw name="Wait Until Element Is Visible" owner="SeleniumLibrary">
<arg>${login_locator.verify_message}</arg>
<doc>Waits until the element ``locator`` is visible.</doc>
<status status="PASS" start="2024-10-08T10:36:34.282284" elapsed="0.652636"/>
</kw>
<kw name="Get Text" owner="SeleniumLibrary">
<msg time="2024-10-08T10:36:34.948263" level="INFO">${status} = Login Failed</msg>
<var>${status}</var>
<arg>${login_locator.verify_message}</arg>
<doc>Returns the text value of the element identified by ``locator``.</doc>
<status status="PASS" start="2024-10-08T10:36:34.935134" elapsed="0.013158"/>
</kw>
<kw name="Log" owner="BuiltIn">
<msg time="2024-10-08T10:36:34.948597" level="INFO">Login Failed</msg>
<arg>${status}</arg>
<arg>console=True</arg>
<doc>Logs the given message with the given level.</doc>
<status status="PASS" start="2024-10-08T10:36:34.948422" elapsed="0.000245"/>
</kw>
<kw name="Should Be Equal As Strings" owner="BuiltIn">
<arg>${status}</arg>
<arg>${expect_message}</arg>
<doc>Fails if objects are unequal after converting them to strings.</doc>
<status status="PASS" start="2024-10-08T10:36:34.948751" elapsed="0.000125"/>
</kw>
<arg>${expect_message}</arg>
<status status="PASS" start="2024-10-08T10:36:34.282143" elapsed="0.666783"/>
</kw>
<kw name="Click ok pop up after login successfully" owner="login_page">
<kw name="Wait Until Element Is Visible" owner="SeleniumLibrary">
<arg>${login_locator.pop_up_btn}</arg>
<doc>Waits until the element ``locator`` is visible.</doc>
<status status="PASS" start="2024-10-08T10:36:34.949206" elapsed="0.010673"/>
</kw>
<kw name="Click Element" owner="SeleniumLibrary">
<msg time="2024-10-08T10:36:34.960195" level="INFO">Clicking element 'xpath=//span[text()='OK']'.</msg>
<arg>${login_locator.pop_up_btn}</arg>
<doc>Click the element identified by ``locator``.</doc>
<status status="PASS" start="2024-10-08T10:36:34.959998" elapsed="0.019439"/>
</kw>
<kw name="Wait Until Element Is Not Visible" owner="SeleniumLibrary">
<arg>${login_locator.pop_up_btn}</arg>
<doc>Waits until the element ``locator`` is not visible.</doc>
<status status="PASS" start="2024-10-08T10:36:34.979547" elapsed="0.220216"/>
</kw>
<status status="PASS" start="2024-10-08T10:36:34.949047" elapsed="0.250962"/>
</kw>
<kw name="Close Browser" owner="SeleniumLibrary">
<doc>Closes the current browser.</doc>
<status status="PASS" start="2024-10-08T10:36:35.200345" elapsed="0.077659"/>
</kw>
<arg>username=nnnn@gmail.com</arg>
<arg>password=Nn.111111111</arg>
<arg>expect_message=Login Failed</arg>
<status status="PASS" start="2024-10-08T10:36:32.430199" elapsed="2.847887"/>
</kw>
<status status="PASS" start="2024-10-08T10:36:32.429446" elapsed="2.848802"/>
</test>
<status status="PASS" start="2024-10-08T10:36:29.321689" elapsed="5.956762"/>
</suite>
<statistics>
<total>
<stat pass="2" fail="0" skip="0">All Tests</stat>
</total>
<tag>
</tag>
<suite>
<stat pass="2" fail="0" skip="0" id="s1" name="Test">Test</stat>
</suite>
</statistics>
<errors>
<msg time="2024-10-08T10:36:32.429388" level="WARN">Multiple tests with name 'Test Data Driver' executed in suite 'Test'.</msg>
</errors>
</robot>
