<?xml version="1.0" encoding="UTF-8"?>
<robot generator="Robot 7.1 (Python 3.12.6 on darwin)" generated="2024-10-04T14:37:57.572776" rpa="false" schemaversion="5">
<suite id="s1" name="Test" source="/Users/puttipong.p/Basic-robot-assignment/Data driven/testcases/test.robot">
<test id="s1-t1" name="Test Data Driver" line="5">
<kw name="Test Login with data driven">
<kw name="Open training platform doppio website" owner="common">
<kw name="Open Browser" owner="SeleniumLibrary">
<msg time="2024-10-04T14:37:57.633756" level="INFO">Opening browser 'gc' to base url 'https://training-platform.doppio-tech.com/'.</msg>
<arg>${url}</arg>
<arg>gc</arg>
<doc>Opens a new browser instance to the optional ``url``.</doc>
<status status="PASS" start="2024-10-04T14:37:57.633669" elapsed="1.781099"/>
</kw>
<status status="PASS" start="2024-10-04T14:37:57.633331" elapsed="1.781612"/>
</kw>
<kw name="Click user icon" owner="main_page">
<kw name="Wait Until Element Is Visible" owner="SeleniumLibrary">
<arg>${main_locator.user_icon}</arg>
<doc>Waits until the element ``locator`` is visible.</doc>
<status status="PASS" start="2024-10-04T14:37:59.415436" elapsed="0.011156"/>
</kw>
<kw name="Click Element" owner="SeleniumLibrary">
<msg time="2024-10-04T14:37:59.426904" level="INFO">Clicking element 'xpath=//ul[@role='menu']//span[@aria-label='user']'.</msg>
<arg>${main_locator.user_icon}</arg>
<doc>Click the element identified by ``locator``.</doc>
<status status="PASS" start="2024-10-04T14:37:59.426762" elapsed="0.042670"/>
</kw>
<status status="PASS" start="2024-10-04T14:37:59.415175" elapsed="0.054352"/>
</kw>
<kw name="Input username on login page" owner="login_page">
<kw name="Wait Until Element Is Visible" owner="SeleniumLibrary">
<arg>${login_locator.username_input}</arg>
<doc>Waits until the element ``locator`` is visible.</doc>
<status status="PASS" start="2024-10-04T14:37:59.470599" elapsed="0.009854"/>
</kw>
<kw name="Input Text" owner="SeleniumLibrary">
<msg time="2024-10-04T14:37:59.480670" level="INFO">Typing text 'nnnn@gmail.com' into text field 'xpath=//label[text()="Username"]/parent::div/following-sibling::div//input'.</msg>
<arg>${login_locator.username_input}</arg>
<arg>${username}</arg>
<doc>Types the given ``text`` into the text field identified by ``locator``.</doc>
<status status="PASS" start="2024-10-04T14:37:59.480553" elapsed="0.094154"/>
</kw>
<arg>${username}</arg>
<status status="PASS" start="2024-10-04T14:37:59.469854" elapsed="0.104942"/>
</kw>
<kw name="Input password on login page" owner="login_page">
<kw name="Wait Until Element Is Visible" owner="SeleniumLibrary">
<arg>${login_locator.password_input}</arg>
<doc>Waits until the element ``locator`` is visible.</doc>
<status status="PASS" start="2024-10-04T14:37:59.575065" elapsed="0.008570"/>
</kw>
<kw name="Input Text" owner="SeleniumLibrary">
<msg time="2024-10-04T14:37:59.583836" level="INFO">Typing text 'Nn.123456789' into text field 'xpath=//label[text()="Password"]/parent::div/following-sibling::div//input'.</msg>
<arg>${login_locator.password_input}</arg>
<arg>${password}</arg>
<doc>Types the given ``text`` into the text field identified by ``locator``.</doc>
<status status="PASS" start="2024-10-04T14:37:59.583723" elapsed="0.033656"/>
</kw>
<arg>${password}</arg>
<status status="PASS" start="2024-10-04T14:37:59.574903" elapsed="0.042548"/>
</kw>
<kw name="Click Login button" owner="login_page">
<kw name="Wait Until Element Is Visible" owner="SeleniumLibrary">
<arg>${login_locator.login_btn}</arg>
<doc>Waits until the element ``locator`` is visible.</doc>
<status status="PASS" start="2024-10-04T14:37:59.617689" elapsed="0.007995"/>
</kw>
<kw name="Click Element" owner="SeleniumLibrary">
<msg time="2024-10-04T14:37:59.625887" level="INFO">Clicking element 'xpath=//span[text()='Login']'.</msg>
<arg>${login_locator.login_btn}</arg>
<doc>Click the element identified by ``locator``.</doc>
<status status="PASS" start="2024-10-04T14:37:59.625774" elapsed="0.017974"/>
</kw>
<status status="PASS" start="2024-10-04T14:37:59.617555" elapsed="0.026246"/>
</kw>
<kw name="Verify expected message" owner="login_page">
<kw name="Wait Until Element Is Visible" owner="SeleniumLibrary">
<arg>${login_locator.verify_message}</arg>
<doc>Waits until the element ``locator`` is visible.</doc>
<status status="PASS" start="2024-10-04T14:37:59.644037" elapsed="0.218297"/>
</kw>
<kw name="Get Text" owner="SeleniumLibrary">
<msg time="2024-10-04T14:37:59.872596" level="INFO">${status} = Login successfully</msg>
<var>${status}</var>
<arg>${login_locator.verify_message}</arg>
<doc>Returns the text value of the element identified by ``locator``.</doc>
<status status="PASS" start="2024-10-04T14:37:59.862466" elapsed="0.010155"/>
</kw>
<kw name="Log" owner="BuiltIn">
<msg time="2024-10-04T14:37:59.872856" level="INFO">Login successfully</msg>
<arg>${status}</arg>
<arg>console=True</arg>
<doc>Logs the given message with the given level.</doc>
<status status="PASS" start="2024-10-04T14:37:59.872722" elapsed="0.000188"/>
</kw>
<kw name="Should Be Equal As Strings" owner="BuiltIn">
<arg>${status}</arg>
<arg>${expect_message}</arg>
<doc>Fails if objects are unequal after converting them to strings.</doc>
<status status="PASS" start="2024-10-04T14:37:59.872977" elapsed="0.000103"/>
</kw>
<arg>${expect_message}</arg>
<status status="PASS" start="2024-10-04T14:37:59.643896" elapsed="0.229221"/>
</kw>
<kw name="Click OK pop up after login successfully" owner="login_page">
<kw name="Wait Until Element Is Visible" owner="SeleniumLibrary">
<arg>${login_locator.pop_up_btn}</arg>
<doc>Waits until the element ``locator`` is visible.</doc>
<status status="PASS" start="2024-10-04T14:37:59.873332" elapsed="0.008924"/>
</kw>
<kw name="Click Element" owner="SeleniumLibrary">
<msg time="2024-10-04T14:37:59.882573" level="INFO">Clicking element 'xpath=//span[text()='OK']'.</msg>
<arg>${login_locator.pop_up_btn}</arg>
<doc>Click the element identified by ``locator``.</doc>
<status status="PASS" start="2024-10-04T14:37:59.882403" elapsed="0.028641"/>
</kw>
<kw name="Wait Until Element Is Not Visible" owner="SeleniumLibrary">
<arg>${login_locator.pop_up_btn}</arg>
<doc>Waits until the element ``locator`` is not visible.</doc>
<status status="PASS" start="2024-10-04T14:37:59.911173" elapsed="0.220571"/>
</kw>
<status status="PASS" start="2024-10-04T14:37:59.873208" elapsed="0.258672"/>
</kw>
<kw name="Close Browser" owner="SeleniumLibrary">
<doc>Closes the current browser.</doc>
<status status="PASS" start="2024-10-04T14:38:00.132037" elapsed="0.070865"/>
</kw>
<arg>username=nnnn@gmail.com</arg>
<arg>password=Nn.123456789</arg>
<arg>expect_message=Login successfully</arg>
<status status="PASS" start="2024-10-04T14:37:57.633170" elapsed="2.569806"/>
</kw>
<status status="PASS" start="2024-10-04T14:37:57.632666" elapsed="2.570440"/>
</test>
<test id="s1-t2" name="Test Data Driver" line="5">
<kw name="Test Login with data driven">
<kw name="Open training platform doppio website" owner="common">
<kw name="Open Browser" owner="SeleniumLibrary">
<msg time="2024-10-04T14:38:00.204156" level="INFO">Opening browser 'gc' to base url 'https://training-platform.doppio-tech.com/'.</msg>
<arg>${url}</arg>
<arg>gc</arg>
<doc>Opens a new browser instance to the optional ``url``.</doc>
<status status="PASS" start="2024-10-04T14:38:00.204071" elapsed="1.727331"/>
</kw>
<status status="PASS" start="2024-10-04T14:38:00.203966" elapsed="1.727624"/>
</kw>
<kw name="Click user icon" owner="main_page">
<kw name="Wait Until Element Is Visible" owner="SeleniumLibrary">
<arg>${main_locator.user_icon}</arg>
<doc>Waits until the element ``locator`` is visible.</doc>
<status status="PASS" start="2024-10-04T14:38:01.932016" elapsed="0.010899"/>
</kw>
<kw name="Click Element" owner="SeleniumLibrary">
<msg time="2024-10-04T14:38:01.943143" level="INFO">Clicking element 'xpath=//ul[@role='menu']//span[@aria-label='user']'.</msg>
<arg>${main_locator.user_icon}</arg>
<doc>Click the element identified by ``locator``.</doc>
<status status="PASS" start="2024-10-04T14:38:01.943025" elapsed="0.042734"/>
</kw>
<status status="PASS" start="2024-10-04T14:38:01.931791" elapsed="0.054057"/>
</kw>
<kw name="Input username on login page" owner="login_page">
<kw name="Wait Until Element Is Visible" owner="SeleniumLibrary">
<arg>${login_locator.username_input}</arg>
<doc>Waits until the element ``locator`` is visible.</doc>
<status status="PASS" start="2024-10-04T14:38:01.986356" elapsed="0.009724"/>
</kw>
<kw name="Input Text" owner="SeleniumLibrary">
<msg time="2024-10-04T14:38:01.996303" level="INFO">Typing text 'nnnn@gmail.com' into text field 'xpath=//label[text()="Username"]/parent::div/following-sibling::div//input'.</msg>
<arg>${login_locator.username_input}</arg>
<arg>${username}</arg>
<doc>Types the given ``text`` into the text field identified by ``locator``.</doc>
<status status="PASS" start="2024-10-04T14:38:01.996184" elapsed="0.094820"/>
</kw>
<arg>${username}</arg>
<status status="PASS" start="2024-10-04T14:38:01.986133" elapsed="0.104953"/>
</kw>
<kw name="Input password on login page" owner="login_page">
<kw name="Wait Until Element Is Visible" owner="SeleniumLibrary">
<arg>${login_locator.password_input}</arg>
<doc>Waits until the element ``locator`` is visible.</doc>
<status status="PASS" start="2024-10-04T14:38:02.091363" elapsed="0.008518"/>
</kw>
<kw name="Input Text" owner="SeleniumLibrary">
<msg time="2024-10-04T14:38:02.100087" level="INFO">Typing text 'Nn.111111111' into text field 'xpath=//label[text()="Password"]/parent::div/following-sibling::div//input'.</msg>
<arg>${login_locator.password_input}</arg>
<arg>${password}</arg>
<doc>Types the given ``text`` into the text field identified by ``locator``.</doc>
<status status="PASS" start="2024-10-04T14:38:02.099977" elapsed="0.033115"/>
</kw>
<arg>${password}</arg>
<status status="PASS" start="2024-10-04T14:38:02.091200" elapsed="0.041961"/>
</kw>
<kw name="Click Login button" owner="login_page">
<kw name="Wait Until Element Is Visible" owner="SeleniumLibrary">
<arg>${login_locator.login_btn}</arg>
<doc>Waits until the element ``locator`` is visible.</doc>
<status status="PASS" start="2024-10-04T14:38:02.133400" elapsed="0.007994"/>
</kw>
<kw name="Click Element" owner="SeleniumLibrary">
<msg time="2024-10-04T14:38:02.141581" level="INFO">Clicking element 'xpath=//span[text()='Login']'.</msg>
<arg>${login_locator.login_btn}</arg>
<doc>Click the element identified by ``locator``.</doc>
<status status="PASS" start="2024-10-04T14:38:02.141485" elapsed="0.017781"/>
</kw>
<status status="PASS" start="2024-10-04T14:38:02.133269" elapsed="0.026055"/>
</kw>
<kw name="Verify expected message" owner="login_page">
<kw name="Wait Until Element Is Visible" owner="SeleniumLibrary">
<arg>${login_locator.verify_message}</arg>
<doc>Waits until the element ``locator`` is visible.</doc>
<status status="PASS" start="2024-10-04T14:38:02.159590" elapsed="0.215725"/>
</kw>
<kw name="Get Text" owner="SeleniumLibrary">
<msg time="2024-10-04T14:38:02.385196" level="INFO">${status} = Login Failed</msg>
<var>${status}</var>
<arg>${login_locator.verify_message}</arg>
<doc>Returns the text value of the element identified by ``locator``.</doc>
<status status="PASS" start="2024-10-04T14:38:02.375453" elapsed="0.009767"/>
</kw>
<kw name="Log" owner="BuiltIn">
<msg time="2024-10-04T14:38:02.385455" level="INFO">Login Failed</msg>
<arg>${status}</arg>
<arg>console=True</arg>
<doc>Logs the given message with the given level.</doc>
<status status="PASS" start="2024-10-04T14:38:02.385320" elapsed="0.000190"/>
</kw>
<kw name="Should Be Equal As Strings" owner="BuiltIn">
<arg>${status}</arg>
<arg>${expect_message}</arg>
<doc>Fails if objects are unequal after converting them to strings.</doc>
<status status="PASS" start="2024-10-04T14:38:02.385579" elapsed="0.000096"/>
</kw>
<arg>${expect_message}</arg>
<status status="PASS" start="2024-10-04T14:38:02.159428" elapsed="0.226284"/>
</kw>
<kw name="Click OK pop up after login successfully" owner="login_page">
<kw name="Wait Until Element Is Visible" owner="SeleniumLibrary">
<arg>${login_locator.pop_up_btn}</arg>
<doc>Waits until the element ``locator`` is visible.</doc>
<status status="PASS" start="2024-10-04T14:38:02.385918" elapsed="0.008865"/>
</kw>
<kw name="Click Element" owner="SeleniumLibrary">
<msg time="2024-10-04T14:38:02.395009" level="INFO">Clicking element 'xpath=//span[text()='OK']'.</msg>
<arg>${login_locator.pop_up_btn}</arg>
<doc>Click the element identified by ``locator``.</doc>
<status status="PASS" start="2024-10-04T14:38:02.394887" elapsed="0.017331"/>
</kw>
<kw name="Wait Until Element Is Not Visible" owner="SeleniumLibrary">
<arg>${login_locator.pop_up_btn}</arg>
<doc>Waits until the element ``locator`` is not visible.</doc>
<status status="PASS" start="2024-10-04T14:38:02.412311" elapsed="0.215942"/>
</kw>
<status status="PASS" start="2024-10-04T14:38:02.385801" elapsed="0.242544"/>
</kw>
<kw name="Close Browser" owner="SeleniumLibrary">
<doc>Closes the current browser.</doc>
<status status="PASS" start="2024-10-04T14:38:02.628455" elapsed="0.077855"/>
</kw>
<arg>username=nnnn@gmail.com</arg>
<arg>password=Nn.111111111</arg>
<arg>expect_message=Login Failed</arg>
<status status="PASS" start="2024-10-04T14:38:00.203814" elapsed="2.502568"/>
</kw>
<status status="PASS" start="2024-10-04T14:38:00.203290" elapsed="2.503226"/>
</test>
<status status="PASS" start="2024-10-04T14:37:57.573600" elapsed="5.133105"/>
</suite>
<statistics>
<total>
<stat pass="2" fail="0" skip="0">All Tests</stat>
</total>
<tag>
</tag>
<suite>
<stat pass="2" fail="0" skip="0" id="s1" name="Test">Test</stat>
</suite>
</statistics>
<errors>
<msg time="2024-10-04T14:37:57.571749" level="WARN">Error in file '/Users/puttipong.p/Basic-robot-assignment/Data driven/testcases/test.robot' on line 1: Singular section headers like '*** Setting ***' are deprecated. Use plural format like '*** Settings ***' instead.</msg>
<msg time="2024-10-04T14:37:57.571807" level="WARN">Error in file '/Users/puttipong.p/Basic-robot-assignment/Data driven/testcases/test.robot' on line 6: Singular section headers like '*** Keyword ***' are deprecated. Use plural format like '*** Keywords ***' instead.</msg>
<msg time="2024-10-04T14:37:57.628149" level="ERROR">Error in file '/Users/puttipong.p/Basic-robot-assignment/Data driven/keywords/import.robot' on line 7: Invalid resource file extension '.csv'. Supported extensions are '.json', '.resource', '.rest', '.robot', '.rsrc', '.rst', '.tsv' and '.txt'.</msg>
<msg time="2024-10-04T14:38:00.203245" level="WARN">Multiple tests with name 'Test Data Driver' executed in suite 'Test'.</msg>
</errors>
</robot>
