<?xml version="1.0" encoding="UTF-8"?>
<robot generator="Robot 7.1 (Python 3.12.6 on darwin)" generated="2024-10-08T16:42:02.988296" rpa="false" schemaversion="5">
<suite id="s1" name="Test" source="/Users/puttipong.p/Basic-robot-assignment/Data driven/testcases/test.robot">
<test id="s1-t1" name="Test login with data driver" line="5">
<kw name="Test Login with data driven">
<kw name="Open training platform doppio website" owner="common">
<kw name="Open Browser" owner="SeleniumLibrary">
<msg time="2024-10-08T16:42:03.057074" level="INFO">Opening browser 'gc' to base url 'https://training-platform.doppio-tech.com/'.</msg>
<arg>${url}</arg>
<arg>gc</arg>
<doc>Opens a new browser instance to the optional ``url``.</doc>
<status status="PASS" start="2024-10-08T16:42:03.056969" elapsed="1.394744"/>
</kw>
<status status="PASS" start="2024-10-08T16:42:03.056617" elapsed="1.395437"/>
</kw>
<kw name="Click user icon" owner="main_page">
<kw name="Wait Until Element Is Visible" owner="SeleniumLibrary">
<arg>${main_locator.user_icon}</arg>
<doc>Waits until the element ``locator`` is visible.</doc>
<status status="PASS" start="2024-10-08T16:42:04.453314" elapsed="0.392642"/>
</kw>
<kw name="Click Element" owner="SeleniumLibrary">
<msg time="2024-10-08T16:42:04.846254" level="INFO">Clicking element 'xpath=//ul[@role='menu']//span[@aria-label='user']'.</msg>
<arg>${main_locator.user_icon}</arg>
<doc>Click the element identified by ``locator``.</doc>
<status status="PASS" start="2024-10-08T16:42:04.846100" elapsed="0.044777"/>
</kw>
<status status="PASS" start="2024-10-08T16:42:04.452545" elapsed="0.438679"/>
</kw>
<kw name="Input username on login page" owner="login_page">
<kw name="Wait Until Element Is Visible" owner="SeleniumLibrary">
<arg>${login_locator.username_input}</arg>
<doc>Waits until the element ``locator`` is visible.</doc>
<status status="PASS" start="2024-10-08T16:42:04.891927" elapsed="0.013208"/>
</kw>
<kw name="Input Text" owner="SeleniumLibrary">
<msg time="2024-10-08T16:42:04.905438" level="INFO">Typing text 'nnnn@gmail.com' into text field 'xpath=//label[text()="Username"]/parent::div/following-sibling::div//input'.</msg>
<arg>${login_locator.username_input}</arg>
<arg>${username}</arg>
<doc>Types the given ``text`` into the text field identified by ``locator``.</doc>
<status status="PASS" start="2024-10-08T16:42:04.905272" elapsed="0.094911"/>
</kw>
<arg>${username}</arg>
<status status="PASS" start="2024-10-08T16:42:04.891685" elapsed="0.108607"/>
</kw>
<kw name="Input password on login page" owner="login_page">
<kw name="Wait Until Element Is Visible" owner="SeleniumLibrary">
<arg>${login_locator.password_input}</arg>
<doc>Waits until the element ``locator`` is visible.</doc>
<status status="PASS" start="2024-10-08T16:42:05.000656" elapsed="0.009028"/>
</kw>
<kw name="Input Text" owner="SeleniumLibrary">
<msg time="2024-10-08T16:42:05.009947" level="INFO">Typing text 'Nn.123456789' into text field 'xpath=//label[text()="Password"]/parent::div/following-sibling::div//input'.</msg>
<arg>${login_locator.password_input}</arg>
<arg>${password}</arg>
<doc>Types the given ``text`` into the text field identified by ``locator``.</doc>
<status status="PASS" start="2024-10-08T16:42:05.009805" elapsed="0.036805"/>
</kw>
<arg>${password}</arg>
<status status="PASS" start="2024-10-08T16:42:05.000437" elapsed="0.046247"/>
</kw>
<kw name="Click login button" owner="login_page">
<kw name="Wait Until Element Is Visible" owner="SeleniumLibrary">
<arg>${login_locator.login_btn}</arg>
<doc>Waits until the element ``locator`` is visible.</doc>
<status status="PASS" start="2024-10-08T16:42:05.046945" elapsed="0.008820"/>
</kw>
<kw name="Click Element" owner="SeleniumLibrary">
<msg time="2024-10-08T16:42:05.056114" level="INFO">Clicking element 'xpath=//span[text()='Login']'.</msg>
<arg>${login_locator.login_btn}</arg>
<doc>Click the element identified by ``locator``.</doc>
<status status="PASS" start="2024-10-08T16:42:05.055902" elapsed="0.019417"/>
</kw>
<status status="PASS" start="2024-10-08T16:42:05.046795" elapsed="0.028616"/>
</kw>
<kw name="Verify expected message" owner="login_page">
<kw name="Wait Until Element Is Visible" owner="SeleniumLibrary">
<arg>${login_locator.verify_message}</arg>
<doc>Waits until the element ``locator`` is visible.</doc>
<status status="PASS" start="2024-10-08T16:42:05.075899" elapsed="0.426953"/>
</kw>
<kw name="Get Text" owner="SeleniumLibrary">
<msg time="2024-10-08T16:42:05.512362" level="INFO">${status} = Login successfully</msg>
<var>${status}</var>
<arg>${login_locator.verify_message}</arg>
<doc>Returns the text value of the element identified by ``locator``.</doc>
<status status="PASS" start="2024-10-08T16:42:05.503097" elapsed="0.009288"/>
</kw>
<kw name="Log" owner="BuiltIn">
<msg time="2024-10-08T16:42:05.512629" level="INFO">Login successfully</msg>
<arg>${status}</arg>
<arg>console=True</arg>
<doc>Logs the given message with the given level.</doc>
<status status="PASS" start="2024-10-08T16:42:05.512488" elapsed="0.000195"/>
</kw>
<kw name="Should Be Equal As Strings" owner="BuiltIn">
<arg>${status}</arg>
<arg>${expect_message}</arg>
<doc>Fails if objects are unequal after converting them to strings.</doc>
<status status="PASS" start="2024-10-08T16:42:05.512768" elapsed="0.000122"/>
</kw>
<arg>${expect_message}</arg>
<status status="PASS" start="2024-10-08T16:42:05.075569" elapsed="0.437362"/>
</kw>
<kw name="Click ok pop up after login successfully" owner="login_page">
<kw name="Wait Until Element Is Visible" owner="SeleniumLibrary">
<arg>${login_locator.pop_up_btn}</arg>
<doc>Waits until the element ``locator`` is visible.</doc>
<status status="PASS" start="2024-10-08T16:42:05.513122" elapsed="0.008277"/>
</kw>
<kw name="Click Element" owner="SeleniumLibrary">
<msg time="2024-10-08T16:42:05.521781" level="INFO">Clicking element 'xpath=//span[text()='OK']'.</msg>
<arg>${login_locator.pop_up_btn}</arg>
<doc>Click the element identified by ``locator``.</doc>
<status status="PASS" start="2024-10-08T16:42:05.521519" elapsed="0.030517"/>
</kw>
<kw name="Wait Until Element Is Not Visible" owner="SeleniumLibrary">
<arg>${login_locator.pop_up_btn}</arg>
<doc>Waits until the element ``locator`` is not visible.</doc>
<status status="PASS" start="2024-10-08T16:42:05.552155" elapsed="0.218236"/>
</kw>
<status status="PASS" start="2024-10-08T16:42:05.513012" elapsed="0.257446"/>
</kw>
<kw name="Close Browser" owner="SeleniumLibrary">
<doc>Closes the current browser.</doc>
<status status="PASS" start="2024-10-08T16:42:05.770546" elapsed="0.077395"/>
</kw>
<arg>username=nnnn@gmail.com</arg>
<arg>password=Nn.123456789</arg>
<arg>expect_message=Login successfully</arg>
<status status="PASS" start="2024-10-08T16:42:03.056446" elapsed="2.791567"/>
</kw>
<status status="PASS" start="2024-10-08T16:42:03.055856" elapsed="2.792299"/>
</test>
<test id="s1-t2" name="Test login with data driver" line="5">
<kw name="Test Login with data driven">
<kw name="Open training platform doppio website" owner="common">
<kw name="Open Browser" owner="SeleniumLibrary">
<msg time="2024-10-08T16:42:05.849441" level="INFO">Opening browser 'gc' to base url 'https://training-platform.doppio-tech.com/'.</msg>
<arg>${url}</arg>
<arg>gc</arg>
<doc>Opens a new browser instance to the optional ``url``.</doc>
<status status="PASS" start="2024-10-08T16:42:05.849331" elapsed="1.661619"/>
</kw>
<status status="PASS" start="2024-10-08T16:42:05.849197" elapsed="1.661919"/>
</kw>
<kw name="Click user icon" owner="main_page">
<kw name="Wait Until Element Is Visible" owner="SeleniumLibrary">
<arg>${main_locator.user_icon}</arg>
<doc>Waits until the element ``locator`` is visible.</doc>
<status status="PASS" start="2024-10-08T16:42:07.511610" elapsed="0.011239"/>
</kw>
<kw name="Click Element" owner="SeleniumLibrary">
<msg time="2024-10-08T16:42:07.523100" level="INFO">Clicking element 'xpath=//ul[@role='menu']//span[@aria-label='user']'.</msg>
<arg>${main_locator.user_icon}</arg>
<doc>Click the element identified by ``locator``.</doc>
<status status="PASS" start="2024-10-08T16:42:07.522968" elapsed="0.048609"/>
</kw>
<status status="PASS" start="2024-10-08T16:42:07.511353" elapsed="0.060302"/>
</kw>
<kw name="Input username on login page" owner="login_page">
<kw name="Wait Until Element Is Visible" owner="SeleniumLibrary">
<arg>${login_locator.username_input}</arg>
<doc>Waits until the element ``locator`` is visible.</doc>
<status status="PASS" start="2024-10-08T16:42:07.572031" elapsed="0.010165"/>
</kw>
<kw name="Input Text" owner="SeleniumLibrary">
<msg time="2024-10-08T16:42:07.582437" level="INFO">Typing text 'nnnn@gmail.com' into text field 'xpath=//label[text()="Username"]/parent::div/following-sibling::div//input'.</msg>
<arg>${login_locator.username_input}</arg>
<arg>${username}</arg>
<doc>Types the given ``text`` into the text field identified by ``locator``.</doc>
<status status="PASS" start="2024-10-08T16:42:07.582307" elapsed="0.086965"/>
</kw>
<arg>${username}</arg>
<status status="PASS" start="2024-10-08T16:42:07.571841" elapsed="0.097502"/>
</kw>
<kw name="Input password on login page" owner="login_page">
<kw name="Wait Until Element Is Visible" owner="SeleniumLibrary">
<arg>${login_locator.password_input}</arg>
<doc>Waits until the element ``locator`` is visible.</doc>
<status status="PASS" start="2024-10-08T16:42:07.669619" elapsed="0.009163"/>
</kw>
<kw name="Input Text" owner="SeleniumLibrary">
<msg time="2024-10-08T16:42:07.679041" level="INFO">Typing text 'Nn.111111111' into text field 'xpath=//label[text()="Password"]/parent::div/following-sibling::div//input'.</msg>
<arg>${login_locator.password_input}</arg>
<arg>${password}</arg>
<doc>Types the given ``text`` into the text field identified by ``locator``.</doc>
<status status="PASS" start="2024-10-08T16:42:07.678912" elapsed="0.036411"/>
</kw>
<arg>${password}</arg>
<status status="PASS" start="2024-10-08T16:42:07.669454" elapsed="0.045940"/>
</kw>
<kw name="Click login button" owner="login_page">
<kw name="Wait Until Element Is Visible" owner="SeleniumLibrary">
<arg>${login_locator.login_btn}</arg>
<doc>Waits until the element ``locator`` is visible.</doc>
<status status="PASS" start="2024-10-08T16:42:07.715672" elapsed="0.008602"/>
</kw>
<kw name="Click Element" owner="SeleniumLibrary">
<msg time="2024-10-08T16:42:07.724831" level="INFO">Clicking element 'xpath=//span[text()='Login']'.</msg>
<arg>${login_locator.login_btn}</arg>
<doc>Click the element identified by ``locator``.</doc>
<status status="PASS" start="2024-10-08T16:42:07.724386" elapsed="0.020349"/>
</kw>
<status status="PASS" start="2024-10-08T16:42:07.715510" elapsed="0.029299"/>
</kw>
<kw name="Verify expected message" owner="login_page">
<kw name="Wait Until Element Is Visible" owner="SeleniumLibrary">
<arg>${login_locator.verify_message}</arg>
<doc>Waits until the element ``locator`` is visible.</doc>
<status status="PASS" start="2024-10-08T16:42:07.745103" elapsed="0.424945"/>
</kw>
<kw name="Get Text" owner="SeleniumLibrary">
<msg time="2024-10-08T16:42:08.179144" level="INFO">${status} = Login Failed</msg>
<var>${status}</var>
<arg>${login_locator.verify_message}</arg>
<doc>Returns the text value of the element identified by ``locator``.</doc>
<status status="PASS" start="2024-10-08T16:42:08.170182" elapsed="0.008984"/>
</kw>
<kw name="Log" owner="BuiltIn">
<msg time="2024-10-08T16:42:08.179420" level="INFO">Login Failed</msg>
<arg>${status}</arg>
<arg>console=True</arg>
<doc>Logs the given message with the given level.</doc>
<status status="PASS" start="2024-10-08T16:42:08.179275" elapsed="0.000202"/>
</kw>
<kw name="Should Be Equal As Strings" owner="BuiltIn">
<arg>${status}</arg>
<arg>${expect_message}</arg>
<doc>Fails if objects are unequal after converting them to strings.</doc>
<status status="PASS" start="2024-10-08T16:42:08.179546" elapsed="0.000090"/>
</kw>
<arg>${expect_message}</arg>
<status status="PASS" start="2024-10-08T16:42:07.744918" elapsed="0.434752"/>
</kw>
<kw name="Click ok pop up after login successfully" owner="login_page">
<kw name="Wait Until Element Is Visible" owner="SeleniumLibrary">
<arg>${login_locator.pop_up_btn}</arg>
<doc>Waits until the element ``locator`` is visible.</doc>
<status status="PASS" start="2024-10-08T16:42:08.179855" elapsed="0.008255"/>
</kw>
<kw name="Click Element" owner="SeleniumLibrary">
<msg time="2024-10-08T16:42:08.188453" level="INFO">Clicking element 'xpath=//span[text()='OK']'.</msg>
<arg>${login_locator.pop_up_btn}</arg>
<doc>Click the element identified by ``locator``.</doc>
<status status="PASS" start="2024-10-08T16:42:08.188256" elapsed="0.019489"/>
</kw>
<kw name="Wait Until Element Is Not Visible" owner="SeleniumLibrary">
<msg time="2024-10-08T16:42:08.429291" level="INFO">Suppressing StaleElementReferenceException from Selenium.</msg>
<arg>${login_locator.pop_up_btn}</arg>
<doc>Waits until the element ``locator`` is not visible.</doc>
<status status="PASS" start="2024-10-08T16:42:08.208265" elapsed="0.432000"/>
</kw>
<status status="PASS" start="2024-10-08T16:42:08.179748" elapsed="0.460655"/>
</kw>
<kw name="Close Browser" owner="SeleniumLibrary">
<doc>Closes the current browser.</doc>
<status status="PASS" start="2024-10-08T16:42:08.640574" elapsed="0.074275"/>
</kw>
<arg>username=nnnn@gmail.com</arg>
<arg>password=Nn.111111111</arg>
<arg>expect_message=Login Failed</arg>
<status status="PASS" start="2024-10-08T16:42:05.848973" elapsed="2.865947"/>
</kw>
<status status="PASS" start="2024-10-08T16:42:05.848354" elapsed="2.866710"/>
</test>
<test id="s1-t3" name="Test login with data driver" line="5">
<kw name="Test Login with data driven">
<kw name="Open training platform doppio website" owner="common">
<kw name="Open Browser" owner="SeleniumLibrary">
<msg time="2024-10-08T16:42:08.716300" level="INFO">Opening browser 'gc' to base url 'https://training-platform.doppio-tech.com/'.</msg>
<arg>${url}</arg>
<arg>gc</arg>
<doc>Opens a new browser instance to the optional ``url``.</doc>
<status status="PASS" start="2024-10-08T16:42:08.716204" elapsed="1.790486"/>
</kw>
<status status="PASS" start="2024-10-08T16:42:08.716089" elapsed="1.790842"/>
</kw>
<kw name="Click user icon" owner="main_page">
<kw name="Wait Until Element Is Visible" owner="SeleniumLibrary">
<arg>${main_locator.user_icon}</arg>
<doc>Waits until the element ``locator`` is visible.</doc>
<status status="PASS" start="2024-10-08T16:42:10.507687" elapsed="0.012407"/>
</kw>
<kw name="Click Element" owner="SeleniumLibrary">
<msg time="2024-10-08T16:42:10.520357" level="INFO">Clicking element 'xpath=//ul[@role='menu']//span[@aria-label='user']'.</msg>
<arg>${main_locator.user_icon}</arg>
<doc>Click the element identified by ``locator``.</doc>
<status status="PASS" start="2024-10-08T16:42:10.520217" elapsed="0.045833"/>
</kw>
<status status="PASS" start="2024-10-08T16:42:10.507376" elapsed="0.058775"/>
</kw>
<kw name="Input username on login page" owner="login_page">
<kw name="Wait Until Element Is Visible" owner="SeleniumLibrary">
<arg>${login_locator.username_input}</arg>
<doc>Waits until the element ``locator`` is visible.</doc>
<status status="PASS" start="2024-10-08T16:42:10.566470" elapsed="0.010960"/>
</kw>
<kw name="Input Text" owner="SeleniumLibrary">
<msg time="2024-10-08T16:42:10.577708" level="INFO">Typing text 'nnnn@gmail.com' into text field 'xpath=//label[text()="Username"]/parent::div/following-sibling::div//input'.</msg>
<arg>${login_locator.username_input}</arg>
<arg>${username}</arg>
<doc>Types the given ``text`` into the text field identified by ``locator``.</doc>
<status status="PASS" start="2024-10-08T16:42:10.577557" elapsed="0.090694"/>
</kw>
<arg>${username}</arg>
<status status="PASS" start="2024-10-08T16:42:10.566289" elapsed="0.102046"/>
</kw>
<kw name="Input password on login page" owner="login_page">
<kw name="Wait Until Element Is Visible" owner="SeleniumLibrary">
<arg>${login_locator.password_input}</arg>
<doc>Waits until the element ``locator`` is visible.</doc>
<status status="PASS" start="2024-10-08T16:42:10.668702" elapsed="0.009423"/>
</kw>
<kw name="Input Text" owner="SeleniumLibrary">
<msg time="2024-10-08T16:42:10.678358" level="INFO">Typing text 'Nn.123456789' into text field 'xpath=//label[text()="Password"]/parent::div/following-sibling::div//input'.</msg>
<arg>${login_locator.password_input}</arg>
<arg>${password}</arg>
<doc>Types the given ``text`` into the text field identified by ``locator``.</doc>
<status status="PASS" start="2024-10-08T16:42:10.678231" elapsed="0.036119"/>
</kw>
<arg>${password}</arg>
<status status="PASS" start="2024-10-08T16:42:10.668483" elapsed="0.046003"/>
</kw>
<kw name="Click login button" owner="login_page">
<kw name="Wait Until Element Is Visible" owner="SeleniumLibrary">
<arg>${login_locator.login_btn}</arg>
<doc>Waits until the element ``locator`` is visible.</doc>
<status status="PASS" start="2024-10-08T16:42:10.714745" elapsed="0.008683"/>
</kw>
<kw name="Click Element" owner="SeleniumLibrary">
<msg time="2024-10-08T16:42:10.723710" level="INFO">Clicking element 'xpath=//span[text()='Login']'.</msg>
<arg>${login_locator.login_btn}</arg>
<doc>Click the element identified by ``locator``.</doc>
<status status="PASS" start="2024-10-08T16:42:10.723569" elapsed="0.020395"/>
</kw>
<status status="PASS" start="2024-10-08T16:42:10.714601" elapsed="0.029444"/>
</kw>
<kw name="Verify expected message" owner="login_page">
<kw name="Wait Until Element Is Visible" owner="SeleniumLibrary">
<arg>${login_locator.verify_message}</arg>
<doc>Waits until the element ``locator`` is visible.</doc>
<status status="PASS" start="2024-10-08T16:42:10.744349" elapsed="0.424867"/>
</kw>
<kw name="Get Text" owner="SeleniumLibrary">
<msg time="2024-10-08T16:42:11.178556" level="INFO">${status} = Login successfully</msg>
<var>${status}</var>
<arg>${login_locator.verify_message}</arg>
<doc>Returns the text value of the element identified by ``locator``.</doc>
<status status="PASS" start="2024-10-08T16:42:11.169367" elapsed="0.009217"/>
</kw>
<kw name="Log" owner="BuiltIn">
<msg time="2024-10-08T16:42:11.178836" level="INFO">Login successfully</msg>
<arg>${status}</arg>
<arg>console=True</arg>
<doc>Logs the given message with the given level.</doc>
<status status="PASS" start="2024-10-08T16:42:11.178701" elapsed="0.000193"/>
</kw>
<kw name="Should Be Equal As Strings" owner="BuiltIn">
<arg>${status}</arg>
<arg>${expect_message}</arg>
<doc>Fails if objects are unequal after converting them to strings.</doc>
<status status="PASS" start="2024-10-08T16:42:11.178959" elapsed="0.000092"/>
</kw>
<arg>${expect_message}</arg>
<status status="PASS" start="2024-10-08T16:42:10.744172" elapsed="0.434914"/>
</kw>
<kw name="Click ok pop up after login successfully" owner="login_page">
<kw name="Wait Until Element Is Visible" owner="SeleniumLibrary">
<arg>${login_locator.pop_up_btn}</arg>
<doc>Waits until the element ``locator`` is visible.</doc>
<status status="PASS" start="2024-10-08T16:42:11.179269" elapsed="0.008461"/>
</kw>
<kw name="Click Element" owner="SeleniumLibrary">
<msg time="2024-10-08T16:42:11.188008" level="INFO">Clicking element 'xpath=//span[text()='OK']'.</msg>
<arg>${login_locator.pop_up_btn}</arg>
<doc>Click the element identified by ``locator``.</doc>
<status status="PASS" start="2024-10-08T16:42:11.187861" elapsed="0.036417"/>
</kw>
<kw name="Wait Until Element Is Not Visible" owner="SeleniumLibrary">
<arg>${login_locator.pop_up_btn}</arg>
<doc>Waits until the element ``locator`` is not visible.</doc>
<status status="PASS" start="2024-10-08T16:42:11.224397" elapsed="0.217713"/>
</kw>
<status status="PASS" start="2024-10-08T16:42:11.179163" elapsed="0.263099"/>
</kw>
<kw name="Close Browser" owner="SeleniumLibrary">
<doc>Closes the current browser.</doc>
<status status="PASS" start="2024-10-08T16:42:11.442441" elapsed="0.075242"/>
</kw>
<arg>username=nnnn@gmail.com</arg>
<arg>password=Nn.123456789</arg>
<arg>expect_message=Login successfully</arg>
<status status="PASS" start="2024-10-08T16:42:08.715917" elapsed="2.801852"/>
</kw>
<status status="PASS" start="2024-10-08T16:42:08.715247" elapsed="2.802662"/>
</test>
<status status="PASS" start="2024-10-08T16:42:02.989165" elapsed="8.529002"/>
</suite>
<statistics>
<total>
<stat pass="3" fail="0" skip="0">All Tests</stat>
</total>
<tag>
</tag>
<suite>
<stat pass="3" fail="0" skip="0" id="s1" name="Test">Test</stat>
</suite>
</statistics>
<errors>
<msg time="2024-10-08T16:42:05.848296" level="WARN">Multiple tests with name 'Test login with data driver' executed in suite 'Test'.</msg>
<msg time="2024-10-08T16:42:08.715199" level="WARN">Multiple tests with name 'Test login with data driver' executed in suite 'Test'.</msg>
</errors>
</robot>
