<?xml version="1.0" encoding="UTF-8"?>
<robot generator="Robot 7.0.1 (Python 3.12.4 on win32)" generated="2024-09-27T23:30:25.308895" rpa="false" schemaversion="5">
<suite id="s1" name="Assingment" source="C:\Users\numpt\Desktop\robot\Assingment">
<suite id="s1-s1" name="Assignment16" source="C:\Users\numpt\Desktop\robot\Assingment\Assignment16.robot">
<test id="s1-s1-t1" name="TC-001 Test Factorial Calculation" line="12">
<kw name="Calculate Factorial">
<kw name="Run Keyword If" owner="BuiltIn">
<arg>${number}==1</arg>
<arg>Return From Keyword</arg>
<arg>1</arg>
<doc>Runs the given keyword with the given arguments, if ``condition`` is true.</doc>
<status status="PASS" start="2024-09-27T23:30:25.511694" elapsed="0.000000"/>
</kw>
<kw name="Calculate Factorial">
<kw name="Run Keyword If" owner="BuiltIn">
<arg>${number}==1</arg>
<arg>Return From Keyword</arg>
<arg>1</arg>
<doc>Runs the given keyword with the given arguments, if ``condition`` is true.</doc>
<status status="PASS" start="2024-09-27T23:30:25.512694" elapsed="0.000000"/>
</kw>
<kw name="Calculate Factorial">
<kw name="Run Keyword If" owner="BuiltIn">
<arg>${number}==1</arg>
<arg>Return From Keyword</arg>
<arg>1</arg>
<doc>Runs the given keyword with the given arguments, if ``condition`` is true.</doc>
<status status="PASS" start="2024-09-27T23:30:25.513694" elapsed="0.000000"/>
</kw>
<kw name="Calculate Factorial">
<kw name="Run Keyword If" owner="BuiltIn">
<arg>${number}==1</arg>
<arg>Return From Keyword</arg>
<arg>1</arg>
<doc>Runs the given keyword with the given arguments, if ``condition`` is true.</doc>
<status status="PASS" start="2024-09-27T23:30:25.514703" elapsed="0.001001"/>
</kw>
<kw name="Calculate Factorial">
<kw name="Run Keyword If" owner="BuiltIn">
<kw name="Return From Keyword" owner="BuiltIn">
<msg time="2024-09-27T23:30:25.516699" level="INFO">Returning from the enclosing user keyword.</msg>
<arg>1</arg>
<doc>Returns from the enclosing user keyword.</doc>
<status status="PASS" start="2024-09-27T23:30:25.516699" elapsed="0.000000"/>
</kw>
<arg>${number}==1</arg>
<arg>Return From Keyword</arg>
<arg>1</arg>
<doc>Runs the given keyword with the given arguments, if ``condition`` is true.</doc>
<status status="PASS" start="2024-09-27T23:30:25.515704" elapsed="0.000995"/>
</kw>
<kw name="Calculate Factorial">
<var>${previous}</var>
<arg>${number - 1}</arg>
<status status="NOT RUN" start="2024-09-27T23:30:25.516699" elapsed="0.000000"/>
</kw>
<kw name="Set Variable" owner="BuiltIn">
<var>${result}</var>
<arg>${${number} * ${previous}}</arg>
<doc>Returns the given values which can then be assigned to a variables.</doc>
<status status="NOT RUN" start="2024-09-27T23:30:25.516699" elapsed="0.000000"/>
</kw>
<kw name="Return From Keyword" owner="BuiltIn">
<arg>${result}</arg>
<doc>Returns from the enclosing user keyword.</doc>
<status status="NOT RUN" start="2024-09-27T23:30:25.516699" elapsed="0.000000"/>
</kw>
<msg time="2024-09-27T23:30:25.516699" level="INFO">${previous} = 1</msg>
<var>${previous}</var>
<arg>${number - 1}</arg>
<status status="PASS" start="2024-09-27T23:30:25.515704" elapsed="0.000995"/>
</kw>
<kw name="Set Variable" owner="BuiltIn">
<msg time="2024-09-27T23:30:25.518134" level="INFO">${result} = 2</msg>
<var>${result}</var>
<arg>${${number} * ${previous}}</arg>
<doc>Returns the given values which can then be assigned to a variables.</doc>
<status status="PASS" start="2024-09-27T23:30:25.516699" elapsed="0.001435"/>
</kw>
<kw name="Return From Keyword" owner="BuiltIn">
<msg time="2024-09-27T23:30:25.518134" level="INFO">Returning from the enclosing user keyword.</msg>
<arg>${result}</arg>
<doc>Returns from the enclosing user keyword.</doc>
<status status="PASS" start="2024-09-27T23:30:25.518134" elapsed="0.000000"/>
</kw>
<msg time="2024-09-27T23:30:25.518134" level="INFO">${previous} = 2</msg>
<var>${previous}</var>
<arg>${number - 1}</arg>
<status status="PASS" start="2024-09-27T23:30:25.513694" elapsed="0.004440"/>
</kw>
<kw name="Set Variable" owner="BuiltIn">
<msg time="2024-09-27T23:30:25.519133" level="INFO">${result} = 6</msg>
<var>${result}</var>
<arg>${${number} * ${previous}}</arg>
<doc>Returns the given values which can then be assigned to a variables.</doc>
<status status="PASS" start="2024-09-27T23:30:25.518134" elapsed="0.000999"/>
</kw>
<kw name="Return From Keyword" owner="BuiltIn">
<msg time="2024-09-27T23:30:25.519133" level="INFO">Returning from the enclosing user keyword.</msg>
<arg>${result}</arg>
<doc>Returns from the enclosing user keyword.</doc>
<status status="PASS" start="2024-09-27T23:30:25.519133" elapsed="0.000000"/>
</kw>
<msg time="2024-09-27T23:30:25.519133" level="INFO">${previous} = 6</msg>
<var>${previous}</var>
<arg>${number - 1}</arg>
<status status="PASS" start="2024-09-27T23:30:25.512694" elapsed="0.006439"/>
</kw>
<kw name="Set Variable" owner="BuiltIn">
<msg time="2024-09-27T23:30:25.520218" level="INFO">${result} = 24</msg>
<var>${result}</var>
<arg>${${number} * ${previous}}</arg>
<doc>Returns the given values which can then be assigned to a variables.</doc>
<status status="PASS" start="2024-09-27T23:30:25.519133" elapsed="0.001085"/>
</kw>
<kw name="Return From Keyword" owner="BuiltIn">
<msg time="2024-09-27T23:30:25.520218" level="INFO">Returning from the enclosing user keyword.</msg>
<arg>${result}</arg>
<doc>Returns from the enclosing user keyword.</doc>
<status status="PASS" start="2024-09-27T23:30:25.520218" elapsed="0.000999"/>
</kw>
<msg time="2024-09-27T23:30:25.521217" level="INFO">${previous} = 24</msg>
<var>${previous}</var>
<arg>${number - 1}</arg>
<status status="PASS" start="2024-09-27T23:30:25.511694" elapsed="0.009523"/>
</kw>
<kw name="Set Variable" owner="BuiltIn">
<msg time="2024-09-27T23:30:25.522287" level="INFO">${result} = 120</msg>
<var>${result}</var>
<arg>${${number} * ${previous}}</arg>
<doc>Returns the given values which can then be assigned to a variables.</doc>
<status status="PASS" start="2024-09-27T23:30:25.521217" elapsed="0.001070"/>
</kw>
<kw name="Return From Keyword" owner="BuiltIn">
<msg time="2024-09-27T23:30:25.522287" level="INFO">Returning from the enclosing user keyword.</msg>
<arg>${result}</arg>
<doc>Returns from the enclosing user keyword.</doc>
<status status="PASS" start="2024-09-27T23:30:25.522287" elapsed="0.000000"/>
</kw>
<msg time="2024-09-27T23:30:25.522287" level="INFO">${result} = 120</msg>
<var>${result}</var>
<arg>${5}</arg>
<status status="PASS" start="2024-09-27T23:30:25.510701" elapsed="0.011586"/>
</kw>
<kw name="Should Be Equal" owner="BuiltIn">
<arg>${result}</arg>
<arg>${120}</arg>
<doc>Fails if the given objects are unequal.</doc>
<status status="PASS" start="2024-09-27T23:30:25.522287" elapsed="0.000000"/>
</kw>
<status status="PASS" start="2024-09-27T23:30:25.509708" elapsed="0.012579"/>
</test>
<status status="PASS" start="2024-09-27T23:30:25.344225" elapsed="0.179659"/>
</suite>
<status status="PASS" start="2024-09-27T23:30:25.330297" elapsed="0.194590"/>
</suite>
<statistics>
<total>
<stat pass="1" fail="0" skip="0">All Tests</stat>
</total>
<tag>
</tag>
<suite>
<stat pass="1" fail="0" skip="0" id="s1" name="Assingment">Assingment</stat>
<stat pass="1" fail="0" skip="0" id="s1-s1" name="Assignment16">Assingment.Assignment16</stat>
</suite>
</statistics>
<errors>
</errors>
</robot>
