<?xml version="1.0" encoding="UTF-8"?>
<robot generator="Robot 7.0.1 (Python 3.12.4 on win32)" generated="2024-09-27T23:30:24.146981" rpa="false" schemaversion="5">
<suite id="s1" name="Assingment" source="C:\Users\numpt\Desktop\robot\Assingment">
<suite id="s1-s1" name="Assignment13" source="C:\Users\numpt\Desktop\robot\Assingment\Assignment13.robot">
<test id="s1-s1-t1" name="TC-001 Print Fruit List" line="5">
<kw name="Create List" owner="BuiltIn">
<msg time="2024-09-27T23:30:24.404122" level="INFO">@{fruits} = [ apple | banana | cherry ]</msg>
<var>@{fruits}</var>
<arg>apple</arg>
<arg>banana</arg>
<arg>cherry</arg>
<doc>Returns a list containing given items.</doc>
<status status="PASS" start="2024-09-27T23:30:24.404122" elapsed="0.000000"/>
</kw>
<for flavor="IN">
<iter>
<kw name="Log" owner="BuiltIn">
<msg time="2024-09-27T23:30:24.405122" level="INFO">apple</msg>
<arg>${fruit}</arg>
<arg>console=True</arg>
<doc>Logs the given message with the given level.</doc>
<status status="PASS" start="2024-09-27T23:30:24.405122" elapsed="0.000000"/>
</kw>
<var name="${fruit}">apple</var>
<status status="PASS" start="2024-09-27T23:30:24.404122" elapsed="0.001000"/>
</iter>
<iter>
<kw name="Log" owner="BuiltIn">
<msg time="2024-09-27T23:30:24.405644" level="INFO">banana</msg>
<arg>${fruit}</arg>
<arg>console=True</arg>
<doc>Logs the given message with the given level.</doc>
<status status="PASS" start="2024-09-27T23:30:24.405644" elapsed="0.000000"/>
</kw>
<var name="${fruit}">banana</var>
<status status="PASS" start="2024-09-27T23:30:24.405122" elapsed="0.000522"/>
</iter>
<iter>
<kw name="Log" owner="BuiltIn">
<msg time="2024-09-27T23:30:24.405644" level="INFO">cherry</msg>
<arg>${fruit}</arg>
<arg>console=True</arg>
<doc>Logs the given message with the given level.</doc>
<status status="PASS" start="2024-09-27T23:30:24.405644" elapsed="0.000000"/>
</kw>
<var name="${fruit}">cherry</var>
<status status="PASS" start="2024-09-27T23:30:24.405644" elapsed="0.000000"/>
</iter>
<var>${fruit}</var>
<value>@{fruits}</value>
<status status="PASS" start="2024-09-27T23:30:24.404122" elapsed="0.001522"/>
</for>
<status status="PASS" start="2024-09-27T23:30:24.403096" elapsed="0.002548"/>
</test>
<status status="PASS" start="2024-09-27T23:30:24.191686" elapsed="0.214981"/>
</suite>
<status status="PASS" start="2024-09-27T23:30:24.177617" elapsed="0.231097"/>
</suite>
<statistics>
<total>
<stat pass="1" fail="0" skip="0">All Tests</stat>
</total>
<tag>
</tag>
<suite>
<stat pass="1" fail="0" skip="0" id="s1" name="Assingment">Assingment</stat>
<stat pass="1" fail="0" skip="0" id="s1-s1" name="Assignment13">Assingment.Assignment13</stat>
</suite>
</statistics>
<errors>
</errors>
</robot>
