<?xml version="1.0" encoding="UTF-8"?>
<robot generator="Robot 7.1 (Python 3.12.6 on darwin)" generated="2024-10-07T09:15:17.540069" rpa="false" schemaversion="5">
<suite id="s1" name="TC 01" source="/Users/puttipong.p/Basic-robot-assignment/Robot mobile automation assignment/testcases/TC_01.robot">
<test id="s1-t1" name="Tc-001 Verify text that in cart has only one product" line="4">
<kw name="Open My demo Application" owner="common">
<if>
<branch type="IF" condition="&quot;${platform}&quot;==&quot;android&quot;">
<kw name="Open Application" owner="AppiumLibrary">
<arg>remote_url=${remote_url}</arg>
<arg>deviceName=${deviceName}</arg>
<arg>platformVersion=${platformVersion}</arg>
<arg>platformName=${platformName}</arg>
<arg>appPackage=${appPackage}</arg>
<arg>appActivity=${appActivity}</arg>
<doc>Opens a new application to given Appium server.
Capabilities of appium server, Android and iOS,
Please check https://appium.io/docs/en/2.1/cli/args/
| *Option*            | *Man.* | *Description*     |
| remote_url          | Yes    | Appium server url |
| alias               | no     | alias             |
| strict_ssl          | No     | allows you to send commands to an invalid certificate host like a self-signed one. |</doc>
<status status="PASS" start="2024-10-07T09:15:17.627716" elapsed="4.444386"/>
</kw>
<status status="PASS" start="2024-10-07T09:15:17.627438" elapsed="4.444821"/>
</branch>
<branch type="ELSE IF" condition="&quot;${platform}&quot;==&quot;ios&quot;">
<kw name="Open Application" owner="AppiumLibrary">
<arg>remote_url=${remote_url}</arg>
<arg>automationName=${automationName}</arg>
<arg>platformName=${platformName}</arg>
<arg>platformVersion=${platformVersion}</arg>
<arg>bundleId=${bundleId}</arg>
<arg>deviceName=${deviceName}</arg>
<doc>Opens a new application to given Appium server.
Capabilities of appium server, Android and iOS,
Please check https://appium.io/docs/en/2.1/cli/args/
| *Option*            | *Man.* | *Description*     |
| remote_url          | Yes    | Appium server url |
| alias               | no     | alias             |
| strict_ssl          | No     | allows you to send commands to an invalid certificate host like a self-signed one. |</doc>
<status status="NOT RUN" start="2024-10-07T09:15:22.072592" elapsed="0.000032"/>
</kw>
<status status="NOT RUN" start="2024-10-07T09:15:22.072325" elapsed="0.000364"/>
</branch>
<status status="PASS" start="2024-10-07T09:15:17.627426" elapsed="4.445295"/>
</if>
<status status="PASS" start="2024-10-07T09:15:17.627327" elapsed="4.445489"/>
</kw>
<kw name="Click product name sauce laps bacpack" owner="main_shopping_page">
<kw name="Wait Until Element Is Visible" owner="AppiumLibrary">
<msg time="2024-10-07T09:15:23.084005" level="INFO">xpath criteria: (//android.widget.ImageView[@content-desc="Product Image"])[1]</msg>
<arg>${main_shopping_locator.produt_1}</arg>
<doc>Waits until element specified with `locator` is visible.</doc>
<status status="PASS" start="2024-10-07T09:15:22.073397" elapsed="1.010793"/>
</kw>
<kw name="Click Element" owner="AppiumLibrary">
<msg time="2024-10-07T09:15:23.086707" level="INFO">Clicking element 'xpath=(//android.widget.ImageView[@content-desc="Product Image"])[1]'.</msg>
<msg time="2024-10-07T09:15:23.168062" level="INFO">xpath criteria: (//android.widget.ImageView[@content-desc="Product Image"])[1]</msg>
<arg>${main_shopping_locator.produt_1}</arg>
<doc>Click element identified by `locator`.</doc>
<status status="PASS" start="2024-10-07T09:15:23.084582" elapsed="0.083602"/>
</kw>
<status status="PASS" start="2024-10-07T09:15:22.073117" elapsed="1.095182"/>
</kw>
<kw name="Click add to cart button" owner="product_page">
<kw name="Wait Until Element Is Visible" owner="AppiumLibrary">
<msg time="2024-10-07T09:15:23.946750" level="INFO">criteria is com.saucelabs.mydemoapp.android:id/cartBt
criteria is com.saucelabs.mydemoapp.android:id/cartBt</msg>
<arg>${product_locator.add_to_cart_btn}</arg>
<doc>Waits until element specified with `locator` is visible.</doc>
<status status="PASS" start="2024-10-07T09:15:23.169110" elapsed="0.777815"/>
</kw>
<kw name="Click Element" owner="AppiumLibrary">
<msg time="2024-10-07T09:15:23.950139" level="INFO">Clicking element 'id=com.saucelabs.mydemoapp.android:id/cartBt'.</msg>
<msg time="2024-10-07T09:15:24.016829" level="INFO">criteria is com.saucelabs.mydemoapp.android:id/cartBt</msg>
<arg>${product_locator.add_to_cart_btn}</arg>
<doc>Click element identified by `locator`.</doc>
<status status="PASS" start="2024-10-07T09:15:23.947298" elapsed="0.069627"/>
</kw>
<status status="PASS" start="2024-10-07T09:15:23.168810" elapsed="0.848259"/>
</kw>
<kw name="Click cart icon then page should cart page" owner="cart_bar_page">
<kw name="Wait Until Element Is Visible" owner="AppiumLibrary">
<msg time="2024-10-07T09:15:24.651703" level="INFO">criteria is com.saucelabs.mydemoapp.android:id/cartIV</msg>
<arg>${cart_bar_locator.cart_icon}</arg>
<doc>Waits until element specified with `locator` is visible.</doc>
<status status="PASS" start="2024-10-07T09:15:24.017653" elapsed="0.634213"/>
</kw>
<kw name="Click Element" owner="AppiumLibrary">
<msg time="2024-10-07T09:15:24.654778" level="INFO">Clicking element 'id=com.saucelabs.mydemoapp.android:id/cartIV'.</msg>
<msg time="2024-10-07T09:15:25.781687" level="INFO">criteria is com.saucelabs.mydemoapp.android:id/cartIV</msg>
<arg>${cart_bar_locator.cart_icon}</arg>
<doc>Click element identified by `locator`.</doc>
<status status="PASS" start="2024-10-07T09:15:24.652232" elapsed="1.129689"/>
</kw>
<status status="PASS" start="2024-10-07T09:15:24.017370" elapsed="1.764754"/>
</kw>
<kw name="Check total item text" owner="my_cart_page">
<kw name="Wait Until Element Is Visible" owner="AppiumLibrary">
<msg time="2024-10-07T09:15:25.861368" level="INFO">criteria is com.saucelabs.mydemoapp.android:id/itemsTV</msg>
<arg>${my_cart_locator.total_items}</arg>
<doc>Waits until element specified with `locator` is visible.</doc>
<status status="PASS" start="2024-10-07T09:15:25.784426" elapsed="0.077113"/>
</kw>
<kw name="Get Text" owner="AppiumLibrary">
<msg time="2024-10-07T09:15:25.902129" level="INFO">Element 'id=com.saucelabs.mydemoapp.android:id/itemsTV' text is '1 Items' </msg>
<msg time="2024-10-07T09:15:25.902269" level="INFO">criteria is com.saucelabs.mydemoapp.android:id/itemsTV</msg>
<msg time="2024-10-07T09:15:25.902421" level="INFO">${text} = 1 Items</msg>
<var>${text}</var>
<arg>${my_cart_locator.total_items}</arg>
<doc>Get element text (for hybrid and mobile browser use `xpath` locator, others might cause problem)</doc>
<status status="PASS" start="2024-10-07T09:15:25.861886" elapsed="0.040565"/>
</kw>
<kw name="Element Text Should Be" owner="AppiumLibrary">
<msg time="2024-10-07T09:15:25.904224" level="INFO">Verifying element 'id=com.saucelabs.mydemoapp.android:id/itemsTV' contains exactly text '1 Items'.</msg>
<msg time="2024-10-07T09:15:25.932684" level="INFO">criteria is com.saucelabs.mydemoapp.android:id/itemsTV</msg>
<arg>${my_cart_locator.total_items}</arg>
<arg>${total_items}</arg>
<doc>Verifies element identified by ``locator`` exactly contains text ``expected``.</doc>
<status status="PASS" start="2024-10-07T09:15:25.902664" elapsed="0.030175"/>
</kw>
<kw name="Log" owner="BuiltIn">
<msg time="2024-10-07T09:15:25.933668" level="INFO">1 Items</msg>
<arg>${text}</arg>
<arg>console=true</arg>
<doc>Logs the given message with the given level.</doc>
<status status="PASS" start="2024-10-07T09:15:25.933202" elapsed="0.000614"/>
</kw>
<arg>${testdata.verify_text}</arg>
<status status="PASS" start="2024-10-07T09:15:25.782776" elapsed="0.151188"/>
</kw>
<status status="PASS" start="2024-10-07T09:15:17.627024" elapsed="8.307143"/>
</test>
<status status="PASS" start="2024-10-07T09:15:17.540682" elapsed="8.393978"/>
</suite>
<statistics>
<total>
<stat pass="1" fail="0" skip="0">All Tests</stat>
</total>
<tag>
</tag>
<suite>
<stat pass="1" fail="0" skip="0" id="s1" name="TC 01">TC 01</stat>
</suite>
</statistics>
<errors>
</errors>
</robot>
