<?xml version="1.0" encoding="UTF-8"?>
<robot generator="Robot 7.1 (Python 3.12.6 on darwin)" generated="2024-10-06T21:44:28.262630" rpa="false" schemaversion="5">
<suite id="s1" name="TC 01" source="/Users/puttipong.p/Basic-robot-assignment/Robot mobile automation assignment/testcases/TC_01.robot">
<test id="s1-t1" name="Tc-001 Verify text that in cart has only one product" line="4">
<kw name="Open My demo Application" owner="common">
<if>
<branch type="IF" condition="&quot;${platform}&quot;==&quot;android&quot;">
<kw name="Open Application" owner="AppiumLibrary">
<arg>remote_url=${remote_url}</arg>
<arg>deviceName=${deviceName}</arg>
<arg>platformVersion=${platformVersion}</arg>
<arg>platformName=${platformName}</arg>
<arg>appPackage=${appPackage}</arg>
<arg>appActivity=${appActivity}</arg>
<doc>Opens a new application to given Appium server.
Capabilities of appium server, Android and iOS,
Please check https://appium.io/docs/en/2.1/cli/args/
| *Option*            | *Man.* | *Description*     |
| remote_url          | Yes    | Appium server url |
| alias               | no     | alias             |
| strict_ssl          | No     | allows you to send commands to an invalid certificate host like a self-signed one. |</doc>
<status status="PASS" start="2024-10-06T21:44:28.354194" elapsed="9.575756"/>
</kw>
<status status="PASS" start="2024-10-06T21:44:28.353918" elapsed="9.576192"/>
</branch>
<branch type="ELSE IF" condition="&quot;${platform}&quot;==&quot;ios&quot;">
<kw name="Open Application" owner="AppiumLibrary">
<arg>remote_url=${remote_url}</arg>
<arg>automationName=${automationName}</arg>
<arg>platformName=${platformName}</arg>
<arg>platformVersion=${platformVersion}</arg>
<arg>bundleId=${bundleId}</arg>
<arg>deviceName=${deviceName}</arg>
<doc>Opens a new application to given Appium server.
Capabilities of appium server, Android and iOS,
Please check https://appium.io/docs/en/2.1/cli/args/
| *Option*            | *Man.* | *Description*     |
| remote_url          | Yes    | Appium server url |
| alias               | no     | alias             |
| strict_ssl          | No     | allows you to send commands to an invalid certificate host like a self-signed one. |</doc>
<status status="NOT RUN" start="2024-10-06T21:44:37.930525" elapsed="0.000038"/>
</kw>
<status status="NOT RUN" start="2024-10-06T21:44:37.930186" elapsed="0.000456"/>
</branch>
<status status="PASS" start="2024-10-06T21:44:28.353908" elapsed="9.576769"/>
</if>
<status status="PASS" start="2024-10-06T21:44:28.353819" elapsed="9.576959"/>
</kw>
<kw name="Click product name sauce laps bacpack" owner="main_shopping_page">
<kw name="Wait Until Element Is Visible" owner="AppiumLibrary">
<msg time="2024-10-06T21:44:38.965283" level="INFO">xpath criteria: (//android.widget.ImageView[@content-desc="Product Image"])[1]</msg>
<arg>${main_shopping_locator.produt_1}</arg>
<doc>Waits until element specified with `locator` is visible.</doc>
<status status="PASS" start="2024-10-06T21:44:37.931443" elapsed="1.034026"/>
</kw>
<kw name="Click Element" owner="AppiumLibrary">
<msg time="2024-10-06T21:44:38.967854" level="INFO">Clicking element 'xpath=(//android.widget.ImageView[@content-desc="Product Image"])[1]'.</msg>
<msg time="2024-10-06T21:44:39.069851" level="INFO">xpath criteria: (//android.widget.ImageView[@content-desc="Product Image"])[1]</msg>
<arg>${main_shopping_locator.produt_1}</arg>
<doc>Click element identified by `locator`.</doc>
<status status="PASS" start="2024-10-06T21:44:38.965838" elapsed="0.104204"/>
</kw>
<status status="PASS" start="2024-10-06T21:44:37.931145" elapsed="1.139090"/>
</kw>
<kw name="Click add to cart button" owner="product_page">
<kw name="Wait Until Element Is Visible" owner="AppiumLibrary">
<msg time="2024-10-06T21:44:39.759396" level="INFO">criteria is com.saucelabs.mydemoapp.android:id/cartBt
criteria is com.saucelabs.mydemoapp.android:id/cartBt</msg>
<arg>${product_locator.add_to_cart_btn}</arg>
<doc>Waits until element specified with `locator` is visible.</doc>
<status status="PASS" start="2024-10-06T21:44:39.071536" elapsed="0.687948"/>
</kw>
<kw name="Click Element" owner="AppiumLibrary">
<msg time="2024-10-06T21:44:39.762092" level="INFO">Clicking element 'id=com.saucelabs.mydemoapp.android:id/cartBt'.</msg>
<msg time="2024-10-06T21:44:39.820975" level="INFO">criteria is com.saucelabs.mydemoapp.android:id/cartBt</msg>
<arg>${product_locator.add_to_cart_btn}</arg>
<doc>Click element identified by `locator`.</doc>
<status status="PASS" start="2024-10-06T21:44:39.759661" elapsed="0.061473"/>
</kw>
<status status="PASS" start="2024-10-06T21:44:39.070875" elapsed="0.750437"/>
</kw>
<kw name="Click cart icon then page should cart page" owner="cart_bar_page">
<kw name="Wait Until Element Is Visible" owner="AppiumLibrary">
<msg time="2024-10-06T21:44:40.462845" level="INFO">criteria is com.saucelabs.mydemoapp.android:id/cartIV</msg>
<arg>${cart_bar_locator.cart_icon}</arg>
<doc>Waits until element specified with `locator` is visible.</doc>
<status status="PASS" start="2024-10-06T21:44:39.822061" elapsed="0.640878"/>
</kw>
<kw name="Click Element" owner="AppiumLibrary">
<msg time="2024-10-06T21:44:40.464450" level="INFO">Clicking element 'id=com.saucelabs.mydemoapp.android:id/cartIV'.</msg>
<msg time="2024-10-06T21:44:41.239575" level="INFO">criteria is com.saucelabs.mydemoapp.android:id/cartIV</msg>
<arg>${cart_bar_locator.cart_icon}</arg>
<doc>Click element identified by `locator`.</doc>
<status status="PASS" start="2024-10-06T21:44:40.463134" elapsed="0.776630"/>
</kw>
<status status="PASS" start="2024-10-06T21:44:39.821767" elapsed="1.418199"/>
</kw>
<kw name="Check total item text" owner="my_cart_page">
<kw name="Wait Until Element Is Visible" owner="AppiumLibrary">
<msg time="2024-10-06T21:44:41.339412" level="INFO">criteria is com.saucelabs.mydemoapp.android:id/itemsTV</msg>
<arg>${my_cart_locator.total_items}</arg>
<doc>Waits until element specified with `locator` is visible.</doc>
<status status="PASS" start="2024-10-06T21:44:41.242317" elapsed="0.097251"/>
</kw>
<kw name="Get Text" owner="AppiumLibrary">
<msg time="2024-10-06T21:44:41.375661" level="INFO">Element 'id=com.saucelabs.mydemoapp.android:id/itemsTV' text is '1 Items' </msg>
<msg time="2024-10-06T21:44:41.375750" level="INFO">criteria is com.saucelabs.mydemoapp.android:id/itemsTV</msg>
<msg time="2024-10-06T21:44:41.375849" level="INFO">${text} = 1 Items</msg>
<var>${text}</var>
<arg>${my_cart_locator.total_items}</arg>
<doc>Get element text (for hybrid and mobile browser use `xpath` locator, others might cause problem)</doc>
<status status="PASS" start="2024-10-06T21:44:41.339923" elapsed="0.035955"/>
</kw>
<kw name="Element Text Should Be" owner="AppiumLibrary">
<msg time="2024-10-06T21:44:41.377629" level="INFO">Verifying element 'id=com.saucelabs.mydemoapp.android:id/itemsTV' contains exactly text '1 Items'.</msg>
<msg time="2024-10-06T21:44:41.399479" level="INFO">criteria is com.saucelabs.mydemoapp.android:id/itemsTV</msg>
<arg>${my_cart_locator.total_items}</arg>
<arg>${total_items}</arg>
<doc>Verifies element identified by ``locator`` exactly contains text ``expected``.</doc>
<status status="PASS" start="2024-10-06T21:44:41.376090" elapsed="0.023538"/>
</kw>
<kw name="Log" owner="BuiltIn">
<msg time="2024-10-06T21:44:41.400429" level="INFO">1 Items</msg>
<arg>${text}</arg>
<arg>console=true</arg>
<doc>Logs the given message with the given level.</doc>
<status status="PASS" start="2024-10-06T21:44:41.399990" elapsed="0.000584"/>
</kw>
<arg>${testdata.verify_text}</arg>
<status status="PASS" start="2024-10-06T21:44:41.240721" elapsed="0.159995"/>
</kw>
<status status="PASS" start="2024-10-06T21:44:28.353519" elapsed="13.047450"/>
</test>
<status status="PASS" start="2024-10-06T21:44:28.263230" elapsed="13.138229"/>
</suite>
<statistics>
<total>
<stat pass="1" fail="0" skip="0">All Tests</stat>
</total>
<tag>
</tag>
<suite>
<stat pass="1" fail="0" skip="0" id="s1" name="TC 01">TC 01</stat>
</suite>
</statistics>
<errors>
</errors>
</robot>
