<?xml version="1.0" encoding="UTF-8"?>
<robot generator="Robot 7.1 (Python 3.12.6 on darwin)" generated="2024-10-04T17:33:29.932636" rpa="false" schemaversion="5">
<suite id="s1" name="Testcases" source="/Users/puttipong.p/Basic-robot-assignment/Robot mobile automation assignment/testcases">
<suite id="s1-s1" name="TC 01" source="/Users/puttipong.p/Basic-robot-assignment/Robot mobile automation assignment/testcases/TC_01.robot">
<test id="s1-s1-t1" name="Tc-001 Verify text that in cart has only one product" line="5">
<kw name="Open My demo Application" owner="common_page">
<if>
<branch type="IF" condition="'${platform}' == 'android'">
<kw name="Open Application" owner="AppiumLibrary">
<arg>remote_url=${remote_url}</arg>
<arg>deviceName=${deviceName}</arg>
<arg>platformVersion=${platformVersion}</arg>
<arg>platformName=${platformName}</arg>
<arg>appPackage=${appPackage}</arg>
<arg>appActivity=${appActivity}</arg>
<doc>Opens a new application to given Appium server.
Capabilities of appium server, Android and iOS,
Please check https://appium.io/docs/en/2.1/cli/args/
| *Option*            | *Man.* | *Description*     |
| remote_url          | Yes    | Appium server url |
| alias               | no     | alias             |
| strict_ssl          | No     | allows you to send commands to an invalid certificate host like a self-signed one. |</doc>
<status status="PASS" start="2024-10-04T17:33:30.018428" elapsed="5.714893"/>
</kw>
<status status="PASS" start="2024-10-04T17:33:30.018182" elapsed="5.715272"/>
</branch>
<branch type="ELSE IF" condition="'${platform}' == 'ios'">
<kw name="Open Application" owner="AppiumLibrary">
<arg>remote_url=${remote_url}</arg>
<arg>automationName=${automationName}</arg>
<arg>platformName=${platformName}</arg>
<arg>platformVersion=${platformVersion}</arg>
<arg>bundleId=${bundleId}</arg>
<arg>deviceName=${deviceName}</arg>
<doc>Opens a new application to given Appium server.
Capabilities of appium server, Android and iOS,
Please check https://appium.io/docs/en/2.1/cli/args/
| *Option*            | *Man.* | *Description*     |
| remote_url          | Yes    | Appium server url |
| alias               | no     | alias             |
| strict_ssl          | No     | allows you to send commands to an invalid certificate host like a self-signed one. |</doc>
<status status="NOT RUN" start="2024-10-04T17:33:35.733615" elapsed="0.000015"/>
</kw>
<status status="NOT RUN" start="2024-10-04T17:33:35.733484" elapsed="0.000169"/>
</branch>
<status status="PASS" start="2024-10-04T17:33:30.018169" elapsed="5.715496"/>
</if>
<status status="PASS" start="2024-10-04T17:33:30.018061" elapsed="5.715658"/>
</kw>
<kw name="Click product name sauce laps bacpack 1" owner="main_shopping_page">
<kw name="Wait Until Element Is Visible" owner="AppiumLibrary">
<msg time="2024-10-04T17:33:36.826426" level="INFO">xpath criteria: (//android.widget.ImageView[@content-desc="Product Image"])[1]</msg>
<arg>${main_shopping_locator.product_1}</arg>
<doc>Waits until element specified with `locator` is visible.</doc>
<status status="PASS" start="2024-10-04T17:33:35.734155" elapsed="1.092317"/>
</kw>
<kw name="Click Element" owner="AppiumLibrary">
<msg time="2024-10-04T17:33:36.827211" level="INFO">Clicking element 'xpath=(//android.widget.ImageView[@content-desc="Product Image"])[1]'.</msg>
<msg time="2024-10-04T17:33:36.916553" level="INFO">xpath criteria: (//android.widget.ImageView[@content-desc="Product Image"])[1]</msg>
<arg>${main_shopping_locator.product_1}</arg>
<doc>Click element identified by `locator`.</doc>
<status status="PASS" start="2024-10-04T17:33:36.826566" elapsed="0.090099"/>
</kw>
<status status="PASS" start="2024-10-04T17:33:35.733996" elapsed="1.182796"/>
</kw>
<kw name="Click add to cart button" owner="product_1_page">
<kw name="Wait Until Element Is Visible" owner="AppiumLibrary">
<msg time="2024-10-04T17:33:37.674090" level="INFO">xpath criteria: //android.widget.Button[@content-desc="Tap to add product to cart"]
xpath criteria: //android.widget.Button[@content-desc="Tap to add product to cart"]</msg>
<arg>${product_1_locator.add_to_cart}</arg>
<doc>Waits until element specified with `locator` is visible.</doc>
<status status="PASS" start="2024-10-04T17:33:36.917233" elapsed="0.756898"/>
</kw>
<kw name="Click Element" owner="AppiumLibrary">
<msg time="2024-10-04T17:33:37.674867" level="INFO">Clicking element 'xpath=//android.widget.Button[@content-desc="Tap to add product to cart"]'.</msg>
<msg time="2024-10-04T17:33:37.738257" level="INFO">xpath criteria: //android.widget.Button[@content-desc="Tap to add product to cart"]</msg>
<arg>${product_1_locator.add_to_cart}</arg>
<doc>Click element identified by `locator`.</doc>
<status status="PASS" start="2024-10-04T17:33:37.674219" elapsed="0.064198"/>
</kw>
<status status="PASS" start="2024-10-04T17:33:36.917075" elapsed="0.821490"/>
</kw>
<kw name="Click cart icon" owner="common_page">
<kw name="Wait Until Element Is Visible" owner="AppiumLibrary">
<msg time="2024-10-04T17:33:38.374662" level="INFO">criteria is com.saucelabs.mydemoapp.android:id/cartIV</msg>
<arg>${common_locator.cart_icon}</arg>
<doc>Waits until element specified with `locator` is visible.</doc>
<status status="PASS" start="2024-10-04T17:33:37.738882" elapsed="0.635827"/>
</kw>
<kw name="Click Element" owner="AppiumLibrary">
<msg time="2024-10-04T17:33:38.375359" level="INFO">Clicking element 'id=com.saucelabs.mydemoapp.android:id/cartIV'.</msg>
<msg time="2024-10-04T17:33:39.083148" level="INFO">criteria is com.saucelabs.mydemoapp.android:id/cartIV</msg>
<arg>${common_locator.cart_icon}</arg>
<doc>Click element identified by `locator`.</doc>
<status status="PASS" start="2024-10-04T17:33:38.374802" elapsed="0.708393"/>
</kw>
<status status="PASS" start="2024-10-04T17:33:37.738729" elapsed="1.344516"/>
</kw>
<kw name="Check total item text" owner="my_cart_page">
<kw name="Wait Until Element Is Visible" owner="AppiumLibrary">
<msg time="2024-10-04T17:33:39.149468" level="INFO">xpath criteria: //android.widget.TextView[@resource-id="com.saucelabs.mydemoapp.android:id/itemsTV"]</msg>
<arg>${my_cart_locator.total_item_text}</arg>
<doc>Waits until element specified with `locator` is visible.</doc>
<status status="PASS" start="2024-10-04T17:33:39.083525" elapsed="0.065986"/>
</kw>
<kw name="Get Text" owner="AppiumLibrary">
<msg time="2024-10-04T17:33:39.184861" level="INFO">Element 'xpath=//android.widget.TextView[@resource-id="com.saucelabs.mydemoapp.android:id/itemsTV"]' text is '1 Items' </msg>
<msg time="2024-10-04T17:33:39.184899" level="INFO">xpath criteria: //android.widget.TextView[@resource-id="com.saucelabs.mydemoapp.android:id/itemsTV"]</msg>
<msg time="2024-10-04T17:33:39.184933" level="INFO">${text} = 1 Items</msg>
<var>${text}</var>
<arg>${my_cart_locator.total_item_text}</arg>
<doc>Get element text (for hybrid and mobile browser use `xpath` locator, others might cause problem)</doc>
<status status="PASS" start="2024-10-04T17:33:39.149647" elapsed="0.035294"/>
</kw>
<kw name="Log" owner="BuiltIn">
<msg time="2024-10-04T17:33:39.185178" level="INFO">1 Items</msg>
<arg>${text}</arg>
<arg>console=True</arg>
<doc>Logs the given message with the given level.</doc>
<status status="PASS" start="2024-10-04T17:33:39.185034" elapsed="0.000175"/>
</kw>
<kw name="Element Text Should Be" owner="AppiumLibrary">
<msg time="2024-10-04T17:33:39.185749" level="INFO">Verifying element 'xpath=//android.widget.TextView[@resource-id="com.saucelabs.mydemoapp.android:id/itemsTV"]' contains exactly text '1 Items'.</msg>
<msg time="2024-10-04T17:33:39.225575" level="INFO">xpath criteria: //android.widget.TextView[@resource-id="com.saucelabs.mydemoapp.android:id/itemsTV"]</msg>
<arg>${my_cart_locator.total_item_text}</arg>
<arg>${verify_text}</arg>
<doc>Verifies element identified by ``locator`` exactly contains text ``expected``.</doc>
<status status="PASS" start="2024-10-04T17:33:39.185257" elapsed="0.040363"/>
</kw>
<arg>${verify_text}</arg>
<status status="PASS" start="2024-10-04T17:33:39.083381" elapsed="0.142285"/>
</kw>
<status status="PASS" start="2024-10-04T17:33:30.017727" elapsed="9.208052"/>
</test>
<status status="PASS" start="2024-10-04T17:33:29.948270" elapsed="9.277750"/>
</suite>
<status status="PASS" start="2024-10-04T17:33:29.933374" elapsed="9.292873"/>
</suite>
<statistics>
<total>
<stat pass="1" fail="0" skip="0">All Tests</stat>
</total>
<tag>
</tag>
<suite>
<stat pass="1" fail="0" skip="0" id="s1" name="Testcases">Testcases</stat>
<stat pass="1" fail="0" skip="0" id="s1-s1" name="TC 01">Testcases.TC 01</stat>
</suite>
</statistics>
<errors>
</errors>
</robot>
