<?xml version="1.0" encoding="UTF-8"?>
<robot generator="Robot 7.1 (Python 3.12.6 on darwin)" generated="2024-10-08T16:47:00.208998" rpa="false" schemaversion="5">
<suite id="s1" name="Assignment22" source="/Users/puttipong.p/Basic-robot-assignment/Basic robot assignment/Assignment22.robot">
<test id="s1-t1" name="TC-002 Test With Tag 2" line="8">
<kw name="Log" owner="BuiltIn">
<msg time="2024-10-08T16:47:00.266210" level="INFO">This is a regression test</msg>
<arg>This is a regression test</arg>
<arg>console=True</arg>
<doc>Logs the given message with the given level.</doc>
<status status="PASS" start="2024-10-08T16:47:00.266111" elapsed="0.000142"/>
</kw>
<tag>regression</tag>
<status status="PASS" start="2024-10-08T16:47:00.265663" elapsed="0.000680"/>
</test>
<test id="s1-t2" name="TC-003 Test With Multiple Tags" line="11">
<kw name="Log" owner="BuiltIn">
<msg time="2024-10-08T16:47:00.266653" level="INFO">This is a smoke and critical test</msg>
<arg>This is a smoke and critical test</arg>
<arg>console=True</arg>
<doc>Logs the given message with the given level.</doc>
<status status="PASS" start="2024-10-08T16:47:00.266589" elapsed="0.000091"/>
</kw>
<tag>critical</tag>
<tag>smoke</tag>
<status status="PASS" start="2024-10-08T16:47:00.266447" elapsed="0.000303"/>
</test>
<status status="PASS" start="2024-10-08T16:47:00.209886" elapsed="0.057022"/>
</suite>
<statistics>
<total>
<stat pass="2" fail="0" skip="0">All Tests</stat>
</total>
<tag>
<stat pass="1" fail="0" skip="0">critical</stat>
<stat pass="1" fail="0" skip="0">regression</stat>
<stat pass="1" fail="0" skip="0">smoke</stat>
</tag>
<suite>
<stat pass="2" fail="0" skip="0" id="s1" name="Assignment22">Assignment22</stat>
</suite>
</statistics>
<errors>
</errors>
</robot>
