<?xml version="1.0" encoding="UTF-8"?>
<robot generator="Robot 7.0.1 (Python 3.12.4 on win32)" generated="2024-09-27T23:30:28.069315" rpa="false" schemaversion="5">
<suite id="s1" name="Assingment" source="C:\Users\numpt\Desktop\robot\Assingment">
<suite id="s1-s1" name="Assignment22" source="C:\Users\numpt\Desktop\robot\Assingment\Assignment22.robot">
<test id="s1-s1-t1" name="TC-001 Test With Tag 1" line="5">
<kw name="Log" owner="BuiltIn">
<msg time="2024-09-27T23:30:28.337062" level="INFO">This is a smoke test</msg>
<arg>This is a smoke test</arg>
<arg>console=True</arg>
<doc>Logs the given message with the given level.</doc>
<status status="PASS" start="2024-09-27T23:30:28.336059" elapsed="0.001003"/>
</kw>
<tag>smoke</tag>
<status status="PASS" start="2024-09-27T23:30:28.336059" elapsed="0.001003"/>
</test>
<test id="s1-s1-t2" name="TC-002 Test With Tag 2" line="8">
<kw name="Log" owner="BuiltIn">
<msg time="2024-09-27T23:30:28.338114" level="INFO">This is a regression test</msg>
<arg>This is a regression test</arg>
<arg>console=True</arg>
<doc>Logs the given message with the given level.</doc>
<status status="PASS" start="2024-09-27T23:30:28.338114" elapsed="0.000000"/>
</kw>
<tag>regression</tag>
<status status="PASS" start="2024-09-27T23:30:28.337062" elapsed="0.001052"/>
</test>
<test id="s1-s1-t3" name="TC-003 Test With Multiple Tags" line="11">
<kw name="Log" owner="BuiltIn">
<msg time="2024-09-27T23:30:28.339124" level="INFO">This is a smoke and critical test</msg>
<arg>This is a smoke and critical test</arg>
<arg>console=True</arg>
<doc>Logs the given message with the given level.</doc>
<status status="PASS" start="2024-09-27T23:30:28.339124" elapsed="0.000000"/>
</kw>
<tag>critical</tag>
<tag>smoke</tag>
<status status="PASS" start="2024-09-27T23:30:28.339124" elapsed="0.000000"/>
</test>
<status status="PASS" start="2024-09-27T23:30:28.107601" elapsed="0.232536"/>
</suite>
<status status="PASS" start="2024-09-27T23:30:28.093777" elapsed="0.246360"/>
</suite>
<statistics>
<total>
<stat pass="3" fail="0" skip="0">All Tests</stat>
</total>
<tag>
<stat pass="1" fail="0" skip="0">critical</stat>
<stat pass="1" fail="0" skip="0">regression</stat>
<stat pass="2" fail="0" skip="0">smoke</stat>
</tag>
<suite>
<stat pass="3" fail="0" skip="0" id="s1" name="Assingment">Assingment</stat>
<stat pass="3" fail="0" skip="0" id="s1-s1" name="Assignment22">Assingment.Assignment22</stat>
</suite>
</statistics>
<errors>
</errors>
</robot>
